Base path: C:/Program Files (x86)/Unity/Editor/Data
Pipe name: \\.\pipe\UnityShaderCompiler-1-11644
Cmd: getPlatforms
Cmd: preprocess
  insize=9238 outsize=2329 ok=1
Cmd: compileSnippet
  api=4 type=0 insize=6564 outsize=990 kw= ok=1
Cmd: compileSnippet
  api=4 type=1 insize=6564 outsize=1542 kw= ok=1
Cmd: compileSnippet
  api=4 type=0 insize=6560 outsize=990 kw= ok=1
Cmd: compileSnippet
  api=4 type=1 insize=6560 outsize=2184 kw= ok=1
Cmd: compileSnippet
  api=4 type=0 insize=6560 outsize=990 kw= ok=1
Cmd: compileSnippet
  api=4 type=1 insize=6560 outsize=1469 kw= ok=1
Cmd: compileSnippet
  api=4 type=0 insize=6560 outsize=990 kw= ok=1
Cmd: compileSnippet
  api=4 type=1 insize=6560 outsize=1469 kw= ok=1
Cmd: compileSnippet
  api=4 type=0 insize=6563 outsize=990 kw= ok=1
Cmd: compileSnippet
  api=4 type=1 insize=6563 outsize=1794 kw= ok=1
Cmd: compileSnippet
  api=4 type=0 insize=6563 outsize=990 kw= ok=1
Cmd: compileSnippet
  api=4 type=1 insize=6563 outsize=1469 kw= ok=1
Cmd: compileSnippet
  api=4 type=0 insize=6572 outsize=990 kw= ok=1
Cmd: compileSnippet
  api=4 type=1 insize=6572 outsize=1087 kw= ok=1
Cmd: compileSnippet
  api=4 type=0 insize=6577 outsize=990 kw= ok=1
Cmd: compileSnippet
  api=4 type=1 insize=6577 outsize=1347 kw= ok=1
Cmd: compileSnippet
  api=4 type=0 insize=6570 outsize=990 kw= ok=1
Cmd: compileSnippet
  api=4 type=1 insize=6570 outsize=852 kw= ok=1
Cmd: compileSnippet
  api=4 type=0 insize=6568 outsize=990 kw= ok=1
Cmd: compileSnippet
  api=4 type=1 insize=6568 outsize=1510 kw= ok=1
Cmd: compileSnippet
  api=4 type=0 insize=6575 outsize=990 kw= ok=1
Cmd: compileSnippet
  api=4 type=1 insize=6575 outsize=1591 kw= ok=1
Cmd: preprocess
  insize=1819 outsize=1287 ok=1
Cmd: compileSnippet
  api=4 type=0 insize=813 outsize=1193 kw=V_WIRE_ANTIALIASING_OFF V_WIRE_FRESNEL_OFF V_WIRE_LIGHT_OFF V_WIRE_IBL_OFF ok=1
Cmd: compileSnippet
  api=4 type=1 insize=813 outsize=1128 kw=V_WIRE_ANTIALIASING_OFF V_WIRE_FRESNEL_OFF V_WIRE_LIGHT_OFF V_WIRE_IBL_OFF ok=1
Cmd: preprocess
  insize=11291 outsize=719 ok=1
Cmd: compileSnippet
  api=4 type=0 insize=10605 outsize=990 kw= ok=1
Cmd: compileSnippet
  api=4 type=1 insize=10605 outsize=1672 kw= ok=1
Cmd: compileSnippet
  api=4 type=0 insize=10628 outsize=990 kw= ok=1
Cmd: compileSnippet
  api=4 type=1 insize=10628 outsize=9269 kw= ok=1
Cmd: compileSnippet
  api=4 type=0 insize=10627 outsize=990 kw= ok=1
Cmd: compileSnippet
  api=4 type=1 insize=10627 outsize=9285 kw= ok=1
Cmd: preprocess
  insize=3325 outsize=1181 ok=1
Cmd: preprocess
  insize=2739 outsize=1797 ok=1
Cmd: compileSnippet
  api=4 type=0 insize=1248 outsize=2403 kw=DIRECTIONAL SHADOWS_OFF LIGHTMAP_OFF DIRLIGHTMAP_OFF V_WIRE_ANTIALIASING_OFF V_WIRE_FRESNEL_OFF V_WIRE_LIGHT_OFF V_WIRE_IBL_OFF V_WIRE_TRANSPARENCY_OFF V_WIRE_FRESNEL_REFLECTION_OFF ok=1
Cmd: compileSnippet
  api=4 type=1 insize=1248 outsize=2282 kw=DIRECTIONAL SHADOWS_OFF LIGHTMAP_OFF DIRLIGHTMAP_OFF V_WIRE_ANTIALIASING_OFF V_WIRE_FRESNEL_OFF V_WIRE_LIGHT_OFF V_WIRE_IBL_OFF V_WIRE_TRANSPARENCY_OFF V_WIRE_FRESNEL_REFLECTION_OFF ok=1
Cmd: preprocess
  insize=1220 outsize=457 ok=1
Cmd: compileSnippet
  api=4 type=0 insize=1008 outsize=990 kw= ok=1
Cmd: compileSnippet
  api=4 type=1 insize=1008 outsize=843 kw= ok=1
Cmd: compileSnippet
  api=4 type=0 insize=1007 outsize=990 kw= ok=1
Cmd: compileSnippet
  api=4 type=1 insize=1007 outsize=843 kw= ok=1
Cmd: preprocess
  insize=9695 outsize=920 ok=1
Cmd: compileSnippet
  api=4 type=0 insize=8984 outsize=1908 kw= ok=1
Cmd: compileSnippet
  api=4 type=1 insize=8984 outsize=3094 kw= ok=1
Cmd: compileSnippet
  api=4 type=0 insize=8989 outsize=1997 kw= ok=1
Cmd: compileSnippet
  api=4 type=1 insize=8989 outsize=3297 kw= ok=1
Cmd: compileSnippet
  api=4 type=0 insize=9009 outsize=1339 kw= ok=1
Cmd: compileSnippet
  api=4 type=1 insize=9009 outsize=4963 kw= ok=1
Cmd: compileSnippet
  api=4 type=0 insize=9004 outsize=1339 kw= ok=1
Cmd: compileSnippet
  api=4 type=1 insize=9004 outsize=5223 kw= ok=1
Cmd: compileSnippet
  api=4 type=0 insize=9009 outsize=1656 kw= ok=1
Cmd: compileSnippet
  api=4 type=1 insize=9009 outsize=1502 kw= ok=1
Cmd: preprocess
  insize=1692 outsize=351 ok=1
Cmd: compileSnippet
  api=4 type=0 insize=1642 outsize=1485 kw= ok=1
Cmd: compileSnippet
  api=4 type=1 insize=1642 outsize=1965 kw= ok=1
Cmd: preprocess
  insize=2382 outsize=1591 ok=1
Cmd: compileSnippet
  api=4 type=0 insize=1100 outsize=1664 kw=DIRECTIONAL SHADOWS_OFF LIGHTMAP_OFF DIRLIGHTMAP_OFF V_WIRE_ANTIALIASING_OFF V_WIRE_FRESNEL_OFF V_WIRE_LIGHT_OFF V_WIRE_IBL_OFF V_WIRE_TRANSPARENCY_OFF ok=1
Cmd: compileSnippet
  api=4 type=1 insize=1100 outsize=1940 kw=DIRECTIONAL SHADOWS_OFF LIGHTMAP_OFF DIRLIGHTMAP_OFF V_WIRE_ANTIALIASING_OFF V_WIRE_FRESNEL_OFF V_WIRE_LIGHT_OFF V_WIRE_IBL_OFF V_WIRE_TRANSPARENCY_OFF ok=1
Cmd: preprocess
  insize=2912 outsize=1574 ok=1
Cmd: compileSnippet
  api=4 type=0 insize=949 outsize=1274 kw=V_WIRE_ANTIALIASING_OFF V_WIRE_FRESNEL_OFF V_WIRE_LIGHT_OFF V_WIRE_IBL_OFF V_WIRE_TRANSPARENCY_OFF ok=1
Cmd: compileSnippet
  api=4 type=1 insize=949 outsize=1372 kw=V_WIRE_ANTIALIASING_OFF V_WIRE_FRESNEL_OFF V_WIRE_LIGHT_OFF V_WIRE_IBL_OFF V_WIRE_TRANSPARENCY_OFF ok=1
Cmd: compileSnippet
  api=4 type=0 insize=950 outsize=1274 kw=V_WIRE_ANTIALIASING_OFF V_WIRE_FRESNEL_OFF V_WIRE_LIGHT_OFF V_WIRE_IBL_OFF V_WIRE_TRANSPARENCY_OFF ok=1
Cmd: compileSnippet
  api=4 type=1 insize=950 outsize=1372 kw=V_WIRE_ANTIALIASING_OFF V_WIRE_FRESNEL_OFF V_WIRE_LIGHT_OFF V_WIRE_IBL_OFF V_WIRE_TRANSPARENCY_OFF ok=1
Cmd: preprocess
  insize=925 outsize=354 ok=1
Cmd: compileSnippet
  api=4 type=0 insize=875 outsize=990 kw= ok=1
Cmd: compileSnippet
  api=4 type=1 insize=875 outsize=1225 kw= ok=1
Cmd: preprocess
  insize=2070 outsize=2030 ok=1
Cmd: compileSnippet
  api=4 type=0 insize=358478 outsize=3606 kw=DIRECTIONAL LIGHTMAP_OFF DIRLIGHTMAP_OFF V_WIRE_ANTIALIASING_OFF V_WIRE_FRESNEL_OFF V_WIRE_LIGHT_OFF V_WIRE_IBL_OFF V_WIRE_TRANSPARENCY_OFF ok=1
Cmd: compileSnippet
  api=4 type=1 insize=358478 outsize=2379 kw=DIRECTIONAL LIGHTMAP_OFF DIRLIGHTMAP_OFF V_WIRE_ANTIALIASING_OFF V_WIRE_FRESNEL_OFF V_WIRE_LIGHT_OFF V_WIRE_IBL_OFF V_WIRE_TRANSPARENCY_OFF ok=1
Cmd: compileSnippet
  api=4 type=0 insize=193771 outsize=3257 kw=POINT V_WIRE_ANTIALIASING_OFF V_WIRE_FRESNEL_OFF V_WIRE_LIGHT_OFF V_WIRE_IBL_OFF V_WIRE_TRANSPARENCY_OFF ok=1
Cmd: compileSnippet
  api=4 type=1 insize=193771 outsize=2647 kw=POINT V_WIRE_ANTIALIASING_OFF V_WIRE_FRESNEL_OFF V_WIRE_LIGHT_OFF V_WIRE_IBL_OFF V_WIRE_TRANSPARENCY_OFF ok=1
Cmd: preprocess
  insize=1013 outsize=316 ok=1
Cmd: compileSnippet
  api=4 type=0 insize=1002 outsize=990 kw= ok=1
Cmd: compileSnippet
  api=4 type=1 insize=1002 outsize=957 kw= ok=1
Cmd: preprocess
  insize=1919 outsize=2188 ok=1
Cmd: compileSnippet
  api=4 type=0 insize=357899 outsize=3606 kw=DIRECTIONAL SHADOWS_OFF LIGHTMAP_OFF DIRLIGHTMAP_OFF V_WIRE_ANTIALIASING_OFF V_WIRE_FRESNEL_OFF V_WIRE_LIGHT_OFF V_WIRE_IBL_OFF V_WIRE_TRANSPARENCY_OFF ok=1
Cmd: compileSnippet
  api=4 type=1 insize=357899 outsize=2379 kw=DIRECTIONAL SHADOWS_OFF LIGHTMAP_OFF DIRLIGHTMAP_OFF V_WIRE_ANTIALIASING_OFF V_WIRE_FRESNEL_OFF V_WIRE_LIGHT_OFF V_WIRE_IBL_OFF V_WIRE_TRANSPARENCY_OFF ok=1
Cmd: compileSnippet
  api=4 type=0 insize=194029 outsize=3257 kw=POINT V_WIRE_ANTIALIASING_OFF V_WIRE_FRESNEL_OFF V_WIRE_LIGHT_OFF V_WIRE_IBL_OFF V_WIRE_TRANSPARENCY_OFF ok=1
Cmd: compileSnippet
  api=4 type=1 insize=194029 outsize=2688 kw=POINT V_WIRE_ANTIALIASING_OFF V_WIRE_FRESNEL_OFF V_WIRE_LIGHT_OFF V_WIRE_IBL_OFF V_WIRE_TRANSPARENCY_OFF ok=1
Cmd: compileSnippet
  api=4 type=0 insize=188129 outsize=3062 kw=V_WIRE_ANTIALIASING_OFF V_WIRE_FRESNEL_OFF V_WIRE_LIGHT_OFF V_WIRE_IBL_OFF V_WIRE_TRANSPARENCY_OFF ok=1
Cmd: compileSnippet
  api=4 type=1 insize=188129 outsize=1567 kw=V_WIRE_ANTIALIASING_OFF V_WIRE_FRESNEL_OFF V_WIRE_LIGHT_OFF V_WIRE_IBL_OFF V_WIRE_TRANSPARENCY_OFF ok=1
Cmd: compileSnippet
  api=4 type=0 insize=328435 outsize=3192 kw=LIGHTMAP_OFF DIRLIGHTMAP_OFF HDR_LIGHT_PREPASS_OFF V_WIRE_ANTIALIASING_OFF V_WIRE_FRESNEL_OFF V_WIRE_LIGHT_OFF V_WIRE_IBL_OFF V_WIRE_TRANSPARENCY_OFF ok=1
Cmd: compileSnippet
  api=4 type=1 insize=328435 outsize=1867 kw=LIGHTMAP_OFF DIRLIGHTMAP_OFF HDR_LIGHT_PREPASS_OFF V_WIRE_ANTIALIASING_OFF V_WIRE_FRESNEL_OFF V_WIRE_LIGHT_OFF V_WIRE_IBL_OFF V_WIRE_TRANSPARENCY_OFF ok=1
Cmd: preprocess
  insize=1993 outsize=486 ok=1
Cmd: compileSnippet
  api=4 type=0 insize=1809 outsize=1128 kw= ok=1
Cmd: compileSnippet
  api=4 type=1 insize=1809 outsize=1688 kw= ok=1
Cmd: preprocess
  insize=1298 outsize=412 ok=1
Cmd: compileSnippet
  api=4 type=0 insize=1191 outsize=1339 kw= ok=1
Cmd: compileSnippet
  api=4 type=1 insize=1191 outsize=1526 kw= ok=1
Cmd: preprocess
  insize=3630 outsize=711 ok=1
Cmd: preprocess
  insize=2428 outsize=2241 ok=1
Cmd: compileSnippet
  api=4 type=0 insize=1034557 outsize=2867 kw=DIRECTIONAL LIGHTMAP_OFF DIRLIGHTMAP_OFF V_WIRE_ANTIALIASING_OFF V_WIRE_FRESNEL_OFF V_WIRE_LIGHT_OFF V_WIRE_IBL_OFF V_WIRE_GRADIENT_PREVIEW_OFF V_WIRE_GRADIENT_AXIS_X V_WIRE_GRADIENT_SPACE_LOCAL ok=1
Cmd: compileSnippet
  api=4 type=1 insize=1034557 outsize=2672 kw=DIRECTIONAL LIGHTMAP_OFF DIRLIGHTMAP_OFF V_WIRE_ANTIALIASING_OFF V_WIRE_FRESNEL_OFF V_WIRE_LIGHT_OFF V_WIRE_IBL_OFF V_WIRE_GRADIENT_PREVIEW_OFF V_WIRE_GRADIENT_AXIS_X V_WIRE_GRADIENT_SPACE_LOCAL ok=1
Cmd: compileSnippet
  api=4 type=0 insize=628042 outsize=3135 kw=POINT V_WIRE_ANTIALIASING_OFF V_WIRE_FRESNEL_OFF V_WIRE_LIGHT_OFF V_WIRE_IBL_OFF V_WIRE_GRADIENT_PREVIEW_OFF V_WIRE_GRADIENT_AXIS_X V_WIRE_GRADIENT_SPACE_LOCAL ok=1
Cmd: compileSnippet
  api=4 type=1 insize=628042 outsize=3005 kw=POINT V_WIRE_ANTIALIASING_OFF V_WIRE_FRESNEL_OFF V_WIRE_LIGHT_OFF V_WIRE_IBL_OFF V_WIRE_GRADIENT_PREVIEW_OFF V_WIRE_GRADIENT_AXIS_X V_WIRE_GRADIENT_SPACE_LOCAL ok=1
Cmd: preprocess
  insize=2711 outsize=1695 ok=1
Cmd: compileSnippet
  error: 2 plat 4 at ../cginc/Wire_Vertex.cginc(148): undeclared identifier 'unity_LightmapST'
  api=4 type=0 insize=1319 outsize=0 kw=DIRECTIONAL SHADOWS_OFF LIGHTMAP_OFF LIGHTMAP_ON DIRLIGHTMAP_OFF V_WIRE_ANTIALIASING_OFF V_WIRE_FRESNEL_OFF V_WIRE_LIGHT_OFF V_WIRE_IBL_OFF V_WIRE_GRADIENT_PREVIEW_OFF V_WIRE_GRADIENT_AXIS_X V_WIRE_GRADIENT_SPACE_LOCAL ok=0
Cmd: preprocess
  insize=2114 outsize=1429 ok=1
Cmd: compileSnippet
  api=4 type=0 insize=964 outsize=1274 kw=V_WIRE_ANTIALIASING_OFF V_WIRE_FRESNEL_OFF V_WIRE_LIGHT_OFF V_WIRE_IBL_OFF V_WIRE_TRANSPARENCY_OFF ok=1
Cmd: compileSnippet
  api=4 type=1 insize=964 outsize=1372 kw=V_WIRE_ANTIALIASING_OFF V_WIRE_FRESNEL_OFF V_WIRE_LIGHT_OFF V_WIRE_IBL_OFF V_WIRE_TRANSPARENCY_OFF ok=1
Cmd: preprocess
  insize=2592 outsize=1688 ok=1
Cmd: compileSnippet
  error: 2 plat 4 at ../cginc/Wire_Vertex.cginc(148): undeclared identifier 'unity_LightmapST'
  api=4 type=0 insize=1176 outsize=0 kw=LIGHTMAP_ON V_WIRE_ANTIALIASING_OFF V_WIRE_FRESNEL_OFF V_WIRE_LIGHT_OFF V_WIRE_IBL_OFF V_WIRE_GRADIENT_PREVIEW_OFF V_WIRE_GRADIENT_AXIS_X V_WIRE_GRADIENT_SPACE_LOCAL ok=0
Cmd: preprocess
  insize=2378 outsize=1515 ok=1
Cmd: compileSnippet
  error: 2 plat 4 at ../cginc/Wire_Vertex.cginc(148): undeclared identifier 'unity_LightmapST'
  api=4 type=0 insize=1136 outsize=0 kw=LIGHTMAP_ON V_WIRE_ANTIALIASING_OFF V_WIRE_FRESNEL_OFF V_WIRE_LIGHT_OFF V_WIRE_IBL_OFF V_WIRE_GRADIENT_PREVIEW_OFF V_WIRE_GRADIENT_AXIS_X V_WIRE_GRADIENT_SPACE_LOCAL ok=0
Cmd: preprocess
  insize=4099 outsize=2084 ok=1
Cmd: compileSnippet
  error: 2 plat 4 at ../cginc/Wire_Vertex.cginc(148): undeclared identifier 'unity_LightmapST'
  api=4 type=0 insize=1310 outsize=0 kw=DIRECTIONAL SHADOWS_OFF LIGHTMAP_OFF LIGHTMAP_ON DIRLIGHTMAP_OFF V_WIRE_ANTIALIASING_OFF V_WIRE_FRESNEL_OFF V_WIRE_LIGHT_OFF V_WIRE_IBL_OFF V_WIRE_GRADIENT_PREVIEW_OFF V_WIRE_GRADIENT_AXIS_X V_WIRE_GRADIENT_SPACE_LOCAL ok=0
Cmd: preprocess
  insize=3671 outsize=2124 ok=1
Cmd: compileSnippet
  error: 2 plat 4 at ../cginc/Wire_Vertex.cginc(148): undeclared identifier 'unity_LightmapST'
  api=4 type=0 insize=1361 outsize=0 kw=DIRECTIONAL SHADOWS_OFF LIGHTMAP_OFF LIGHTMAP_ON DIRLIGHTMAP_OFF V_WIRE_ANTIALIASING_OFF V_WIRE_FRESNEL_OFF V_WIRE_LIGHT_OFF V_WIRE_IBL_OFF V_WIRE_TRANSPARENCY_OFF V_WIRE_FRESNEL_REFLECTION_OFF ok=0
Cmd: preprocess
  insize=1684 outsize=1100 ok=1
Cmd: compileSnippet
  error: 2 plat 4 at ../cginc/Wire_Vertex.cginc(148): undeclared identifier 'unity_LightmapST'
  api=4 type=0 insize=862 outsize=0 kw=LIGHTMAP_ON V_WIRE_ANTIALIASING_OFF V_WIRE_FRESNEL_OFF V_WIRE_LIGHT_OFF V_WIRE_IBL_OFF ok=0
Cmd: preprocess
  insize=3275 outsize=1944 ok=1
Cmd: compileSnippet
  error: 2 plat 4 at ../cginc/Wire_Vertex.cginc(148): undeclared identifier 'unity_LightmapST'
  api=4 type=0 insize=1149 outsize=0 kw=DIRECTIONAL SHADOWS_OFF LIGHTMAP_OFF LIGHTMAP_ON DIRLIGHTMAP_OFF V_WIRE_ANTIALIASING_OFF V_WIRE_FRESNEL_OFF V_WIRE_LIGHT_OFF V_WIRE_IBL_OFF V_WIRE_TRANSPARENCY_OFF ok=0
Cmd: preprocess
  insize=3549 outsize=1729 ok=1
Cmd: compileSnippet
  error: 2 plat 4 at ../cginc/Wire_Vertex.cginc(148): undeclared identifier 'unity_LightmapST'
  api=4 type=0 insize=1190 outsize=0 kw=LIGHTMAP_ON V_WIRE_ANTIALIASING_OFF V_WIRE_FRESNEL_OFF V_WIRE_LIGHT_OFF V_WIRE_IBL_OFF V_WIRE_GRADIENT_PREVIEW_OFF V_WIRE_GRADIENT_AXIS_X V_WIRE_GRADIENT_SPACE_LOCAL ok=0
Cmd: preprocess
  insize=2465 outsize=1432 ok=1
Cmd: compileSnippet
  api=4 type=0 insize=798 outsize=1193 kw=V_WIRE_ANTIALIASING_OFF V_WIRE_FRESNEL_OFF V_WIRE_LIGHT_OFF V_WIRE_IBL_OFF ok=1
Cmd: compileSnippet
  api=4 type=1 insize=798 outsize=1128 kw=V_WIRE_ANTIALIASING_OFF V_WIRE_FRESNEL_OFF V_WIRE_LIGHT_OFF V_WIRE_IBL_OFF ok=1
Cmd: compileSnippet
  api=4 type=0 insize=799 outsize=1193 kw=V_WIRE_ANTIALIASING_OFF V_WIRE_FRESNEL_OFF V_WIRE_LIGHT_OFF V_WIRE_IBL_OFF ok=1
Cmd: compileSnippet
  api=4 type=1 insize=799 outsize=1128 kw=V_WIRE_ANTIALIASING_OFF V_WIRE_FRESNEL_OFF V_WIRE_LIGHT_OFF V_WIRE_IBL_OFF ok=1
Cmd: preprocess
  insize=1927 outsize=1974 ok=1
Cmd: compileSnippet
  api=4 type=0 insize=325678 outsize=2753 kw=DIRECTIONAL LIGHTMAP_OFF DIRLIGHTMAP_OFF V_WIRE_ANTIALIASING_OFF V_WIRE_FRESNEL_OFF V_WIRE_LIGHT_OFF V_WIRE_IBL_OFF V_WIRE_TRANSPARENCY_OFF ok=1
Cmd: compileSnippet
  api=4 type=1 insize=325678 outsize=1875 kw=DIRECTIONAL LIGHTMAP_OFF DIRLIGHTMAP_OFF V_WIRE_ANTIALIASING_OFF V_WIRE_FRESNEL_OFF V_WIRE_LIGHT_OFF V_WIRE_IBL_OFF V_WIRE_TRANSPARENCY_OFF ok=1
Cmd: compileSnippet
  api=4 type=0 insize=188331 outsize=3021 kw=POINT V_WIRE_ANTIALIASING_OFF V_WIRE_FRESNEL_OFF V_WIRE_LIGHT_OFF V_WIRE_IBL_OFF V_WIRE_TRANSPARENCY_OFF ok=1
Cmd: compileSnippet
  api=4 type=1 insize=188331 outsize=2176 kw=POINT V_WIRE_ANTIALIASING_OFF V_WIRE_FRESNEL_OFF V_WIRE_LIGHT_OFF V_WIRE_IBL_OFF V_WIRE_TRANSPARENCY_OFF ok=1
Cmd: preprocess
  insize=3841 outsize=2042 ok=1
Cmd: compileSnippet
  api=4 type=0 insize=1247 outsize=2403 kw=DIRECTIONAL SHADOWS_OFF LIGHTMAP_OFF DIRLIGHTMAP_OFF V_WIRE_ANTIALIASING_OFF V_WIRE_FRESNEL_OFF V_WIRE_LIGHT_OFF V_WIRE_IBL_OFF V_WIRE_TRANSPARENCY_OFF V_WIRE_FRESNEL_REFLECTION_OFF ok=1
Cmd: compileSnippet
  api=4 type=1 insize=1247 outsize=2282 kw=DIRECTIONAL SHADOWS_OFF LIGHTMAP_OFF DIRLIGHTMAP_OFF V_WIRE_ANTIALIASING_OFF V_WIRE_FRESNEL_OFF V_WIRE_LIGHT_OFF V_WIRE_IBL_OFF V_WIRE_TRANSPARENCY_OFF V_WIRE_FRESNEL_REFLECTION_OFF ok=1
Cmd: compileSnippet
  api=4 type=0 insize=1168 outsize=2403 kw=DIRECTIONAL SHADOWS_OFF LIGHTMAP_OFF DIRLIGHTMAP_OFF V_WIRE_ANTIALIASING_OFF V_WIRE_FRESNEL_OFF V_WIRE_LIGHT_OFF V_WIRE_IBL_OFF V_WIRE_TRANSPARENCY_OFF ok=1
Cmd: compileSnippet
  api=4 type=1 insize=1168 outsize=2282 kw=DIRECTIONAL SHADOWS_OFF LIGHTMAP_OFF DIRLIGHTMAP_OFF V_WIRE_ANTIALIASING_OFF V_WIRE_FRESNEL_OFF V_WIRE_LIGHT_OFF V_WIRE_IBL_OFF V_WIRE_TRANSPARENCY_OFF ok=1
Cmd: preprocess
  insize=1242 outsize=409 ok=1
Cmd: compileSnippet
  api=4 type=0 insize=1138 outsize=990 kw= ok=1
Cmd: compileSnippet
  api=4 type=1 insize=1138 outsize=1615 kw= ok=1
Cmd: preprocess
  insize=6809 outsize=797 ok=1
Cmd: compileSnippet
  api=4 type=0 insize=2033 outsize=1209 kw= ok=1
Cmd: compileSnippet
  api=4 type=1 insize=2033 outsize=12235 kw= ok=1
Cmd: compileSnippet
  api=4 type=0 insize=2298 outsize=1209 kw= ok=1
Cmd: compileSnippet
  api=4 type=1 insize=2298 outsize=20132 kw= ok=1
Cmd: compileSnippet
  api=4 type=0 insize=2803 outsize=1209 kw= ok=1
Cmd: compileSnippet
  api=4 type=1 insize=2803 outsize=35927 kw= ok=1
Cmd: compileSnippet
  api=4 type=0 insize=3079 outsize=1071 kw= ok=1
Cmd: compileSnippet
  api=4 type=1 insize=3079 outsize=4012 kw= ok=1
Cmd: compileSnippet
  api=4 type=0 insize=2019 outsize=1347 kw= ok=1
Cmd: compileSnippet
  api=4 type=1 insize=2019 outsize=1095 kw= ok=1
Cmd: preprocess
  insize=1180 outsize=314 ok=1
Cmd: compileSnippet
  api=4 type=0 insize=1171 outsize=1737 kw= ok=1
Cmd: compileSnippet
  api=4 type=1 insize=1171 outsize=1396 kw= ok=1
Cmd: preprocess
  insize=1824 outsize=1277 ok=1
Cmd: compileSnippet
  api=4 type=0 insize=827 outsize=973 kw=V_WIRE_ANTIALIASING_OFF V_WIRE_FRESNEL_OFF V_WIRE_LIGHT_OFF V_WIRE_IBL_OFF ok=1
Cmd: compileSnippet
  api=4 type=1 insize=827 outsize=973 kw=V_WIRE_ANTIALIASING_OFF V_WIRE_FRESNEL_OFF V_WIRE_LIGHT_OFF V_WIRE_IBL_OFF ok=1
Cmd: preprocess
  insize=1703 outsize=1366 ok=1
Cmd: compileSnippet
  api=4 type=0 insize=622 outsize=973 kw=V_WIRE_ANTIALIASING_OFF ok=1
Cmd: compileSnippet
  api=4 type=1 insize=622 outsize=908 kw=V_WIRE_ANTIALIASING_OFF ok=1
Cmd: preprocess
  insize=2806 outsize=1059 ok=1
Cmd: compileSnippet
  api=4 type=0 insize=1967 outsize=1363 kw=V_WIRE_ANTIALIASING_OFF V_WIRE_IN_COLOR ok=1
Cmd: compileSnippet
  api=4 type=1 insize=1967 outsize=1193 kw=V_WIRE_ANTIALIASING_OFF V_WIRE_IN_COLOR ok=1
Cmd: preprocess
  insize=2529 outsize=2598 ok=1
Cmd: compileSnippet
  api=4 type=0 insize=1137272 outsize=4240 kw=DIRECTIONAL SHADOWS_OFF LIGHTMAP_OFF DIRLIGHTMAP_OFF V_WIRE_ANTIALIASING_OFF V_WIRE_FRESNEL_OFF V_WIRE_LIGHT_OFF V_WIRE_IBL_OFF V_WIRE_GRADIENT_PREVIEW_OFF V_WIRE_GRADIENT_AXIS_X V_WIRE_GRADIENT_SPACE_LOCAL ok=1
Cmd: compileSnippet
  api=4 type=1 insize=1137272 outsize=4069 kw=DIRECTIONAL SHADOWS_OFF LIGHTMAP_OFF DIRLIGHTMAP_OFF V_WIRE_ANTIALIASING_OFF V_WIRE_FRESNEL_OFF V_WIRE_LIGHT_OFF V_WIRE_IBL_OFF V_WIRE_GRADIENT_PREVIEW_OFF V_WIRE_GRADIENT_AXIS_X V_WIRE_GRADIENT_SPACE_LOCAL ok=1
Cmd: compileSnippet
  api=4 type=0 insize=644458 outsize=3890 kw=POINT V_WIRE_ANTIALIASING_OFF V_WIRE_FRESNEL_OFF V_WIRE_LIGHT_OFF V_WIRE_IBL_OFF V_WIRE_GRADIENT_PREVIEW_OFF V_WIRE_GRADIENT_AXIS_X V_WIRE_GRADIENT_SPACE_LOCAL ok=1
Cmd: compileSnippet
  api=4 type=1 insize=644458 outsize=4386 kw=POINT V_WIRE_ANTIALIASING_OFF V_WIRE_FRESNEL_OFF V_WIRE_LIGHT_OFF V_WIRE_IBL_OFF V_WIRE_GRADIENT_PREVIEW_OFF V_WIRE_GRADIENT_AXIS_X V_WIRE_GRADIENT_SPACE_LOCAL ok=1
Cmd: compileSnippet
  api=4 type=0 insize=626286 outsize=3175 kw=V_WIRE_ANTIALIASING_OFF V_WIRE_FRESNEL_OFF V_WIRE_LIGHT_OFF V_WIRE_IBL_OFF V_WIRE_GRADIENT_PREVIEW_OFF V_WIRE_GRADIENT_AXIS_X V_WIRE_GRADIENT_SPACE_LOCAL ok=1
Cmd: compileSnippet
  api=4 type=1 insize=626286 outsize=1656 kw=V_WIRE_ANTIALIASING_OFF V_WIRE_FRESNEL_OFF V_WIRE_LIGHT_OFF V_WIRE_IBL_OFF V_WIRE_GRADIENT_PREVIEW_OFF V_WIRE_GRADIENT_AXIS_X V_WIRE_GRADIENT_SPACE_LOCAL ok=1
Cmd: compileSnippet
  api=4 type=0 insize=1027600 outsize=3143 kw=LIGHTMAP_OFF DIRLIGHTMAP_OFF HDR_LIGHT_PREPASS_OFF V_WIRE_ANTIALIASING_OFF V_WIRE_FRESNEL_OFF V_WIRE_LIGHT_OFF V_WIRE_IBL_OFF V_WIRE_GRADIENT_PREVIEW_OFF V_WIRE_GRADIENT_AXIS_X V_WIRE_GRADIENT_SPACE_LOCAL ok=1
Cmd: compileSnippet
  api=4 type=1 insize=1027600 outsize=2899 kw=LIGHTMAP_OFF DIRLIGHTMAP_OFF HDR_LIGHT_PREPASS_OFF V_WIRE_ANTIALIASING_OFF V_WIRE_FRESNEL_OFF V_WIRE_LIGHT_OFF V_WIRE_IBL_OFF V_WIRE_GRADIENT_PREVIEW_OFF V_WIRE_GRADIENT_AXIS_X V_WIRE_GRADIENT_SPACE_LOCAL ok=1
Cmd: preprocess
  insize=2151 outsize=1391 ok=1
Cmd: compileSnippet
  error: 2 plat 4 at ../cginc/Wire_Vertex.cginc(148): undeclared identifier 'unity_LightmapST'
  api=4 type=0 insize=1037 outsize=0 kw=LIGHTMAP_ON V_WIRE_ANTIALIASING_OFF V_WIRE_FRESNEL_OFF V_WIRE_LIGHT_OFF V_WIRE_IBL_OFF V_WIRE_TRANSPARENCY_OFF ok=0
Cmd: preprocess
  insize=2658 outsize=774 ok=1
Cmd: compileSnippet
  api=4 type=0 insize=1987 outsize=1339 kw= ok=1
Cmd: compileSnippet
  api=4 type=1 insize=1987 outsize=1201 kw= ok=1
Cmd: compileSnippet
  api=4 type=0 insize=1985 outsize=1339 kw= ok=1
Cmd: compileSnippet
  api=4 type=1 insize=1985 outsize=933 kw= ok=1
Cmd: compileSnippet
  api=4 type=0 insize=1998 outsize=1640 kw= ok=1
Cmd: compileSnippet
  api=4 type=1 insize=1998 outsize=1307 kw= ok=1
Cmd: compileSnippet
  api=4 type=0 insize=1996 outsize=1339 kw= ok=1
Cmd: compileSnippet
  api=4 type=1 insize=1996 outsize=852 kw= ok=1
Cmd: preprocess
  insize=975 outsize=305 ok=1
Cmd: compileSnippet
  api=4 type=0 insize=975 outsize=990 kw= ok=1
Cmd: compileSnippet
  api=4 type=1 insize=975 outsize=990 kw= ok=1
Cmd: preprocess
  insize=1384 outsize=384 ok=1
Cmd: compileSnippet
  api=4 type=0 insize=1302 outsize=1632 kw= ok=1
Cmd: compileSnippet
  api=4 type=1 insize=1302 outsize=1437 kw= ok=1
Cmd: preprocess
  insize=1427 outsize=347 ok=1
Cmd: compileSnippet
  api=4 type=0 insize=1386 outsize=1688 kw= ok=1
Cmd: compileSnippet
  api=4 type=1 insize=1386 outsize=965 kw= ok=1
Cmd: preprocess
  insize=1716 outsize=728 ok=1
Cmd: compileSnippet
  api=4 type=0 insize=1294 outsize=1827 kw= ok=1
Cmd: compileSnippet
  api=4 type=1 insize=1294 outsize=1355 kw= ok=1
Cmd: preprocess
  insize=1803 outsize=2149 ok=1
Cmd: compileSnippet
  api=4 type=0 insize=325805 outsize=2753 kw=DIRECTIONAL SHADOWS_OFF LIGHTMAP_OFF DIRLIGHTMAP_OFF V_WIRE_ANTIALIASING_OFF V_WIRE_FRESNEL_OFF V_WIRE_LIGHT_OFF V_WIRE_IBL_OFF V_WIRE_TRANSPARENCY_OFF ok=1
Cmd: compileSnippet
  api=4 type=1 insize=325805 outsize=1875 kw=DIRECTIONAL SHADOWS_OFF LIGHTMAP_OFF DIRLIGHTMAP_OFF V_WIRE_ANTIALIASING_OFF V_WIRE_FRESNEL_OFF V_WIRE_LIGHT_OFF V_WIRE_IBL_OFF V_WIRE_TRANSPARENCY_OFF ok=1
Cmd: compileSnippet
  api=4 type=0 insize=189295 outsize=3021 kw=POINT V_WIRE_ANTIALIASING_OFF V_WIRE_FRESNEL_OFF V_WIRE_LIGHT_OFF V_WIRE_IBL_OFF V_WIRE_TRANSPARENCY_OFF ok=1
Cmd: compileSnippet
  api=4 type=1 insize=189295 outsize=2217 kw=POINT V_WIRE_ANTIALIASING_OFF V_WIRE_FRESNEL_OFF V_WIRE_LIGHT_OFF V_WIRE_IBL_OFF V_WIRE_TRANSPARENCY_OFF ok=1
Cmd: compileSnippet
  api=4 type=0 insize=152707 outsize=1623 kw=V_WIRE_ANTIALIASING_OFF V_WIRE_FRESNEL_OFF V_WIRE_LIGHT_OFF V_WIRE_IBL_OFF V_WIRE_TRANSPARENCY_OFF ok=1
Cmd: compileSnippet
  api=4 type=1 insize=152707 outsize=689 kw=V_WIRE_ANTIALIASING_OFF V_WIRE_FRESNEL_OFF V_WIRE_LIGHT_OFF V_WIRE_IBL_OFF V_WIRE_TRANSPARENCY_OFF ok=1
Cmd: compileSnippet
  api=4 type=0 insize=298933 outsize=3029 kw=LIGHTMAP_OFF DIRLIGHTMAP_OFF HDR_LIGHT_PREPASS_OFF V_WIRE_ANTIALIASING_OFF V_WIRE_FRESNEL_OFF V_WIRE_LIGHT_OFF V_WIRE_IBL_OFF V_WIRE_TRANSPARENCY_OFF ok=1
Cmd: compileSnippet
  api=4 type=1 insize=298933 outsize=1818 kw=LIGHTMAP_OFF DIRLIGHTMAP_OFF HDR_LIGHT_PREPASS_OFF V_WIRE_ANTIALIASING_OFF V_WIRE_FRESNEL_OFF V_WIRE_LIGHT_OFF V_WIRE_IBL_OFF V_WIRE_TRANSPARENCY_OFF ok=1
Cmd: preprocess
  insize=1410 outsize=346 ok=1
Cmd: compileSnippet
  api=4 type=0 insize=1366 outsize=1485 kw= ok=1
Cmd: compileSnippet
  api=4 type=1 insize=1366 outsize=1502 kw= ok=1
Cmd: preprocess
  insize=1275 outsize=329 ok=1
Cmd: preprocess
  insize=2313 outsize=644 ok=1
Cmd: compileSnippet
  api=4 type=0 insize=1975 outsize=1428 kw= ok=1
Cmd: compileSnippet
  api=4 type=1 insize=1975 outsize=2867 kw= ok=1
Cmd: preprocess
  insize=2021 outsize=1486 ok=1
Cmd: compileSnippet
  api=4 type=0 insize=816 outsize=1274 kw=V_WIRE_ANTIALIASING_OFF V_WIRE_TRANSPARENCY_OFF ok=1
Cmd: compileSnippet
  api=4 type=1 insize=816 outsize=1144 kw=V_WIRE_ANTIALIASING_OFF V_WIRE_TRANSPARENCY_OFF ok=1
Cmd: preprocess
  insize=972 outsize=271 ok=1
Cmd: compileSnippet
  api=4 type=0 insize=1001 outsize=1055 kw= ok=1
Cmd: compileSnippet
  api=4 type=1 insize=1001 outsize=1217 kw= ok=1
Cmd: preprocess
  insize=1684 outsize=1300 ok=1
Cmd: compileSnippet
  api=4 type=0 insize=666 outsize=1193 kw=V_WIRE_ANTIALIASING_OFF ok=1
Cmd: compileSnippet
  api=4 type=1 insize=666 outsize=990 kw=V_WIRE_ANTIALIASING_OFF ok=1
Cmd: preprocess
  insize=1994 outsize=1259 ok=1
Cmd: compileSnippet
  error: 2 plat 4 at ../cginc/Wire_Vertex.cginc(148): undeclared identifier 'unity_LightmapST'
  api=4 type=0 insize=1013 outsize=0 kw=LIGHTMAP_ON V_WIRE_ANTIALIASING_OFF V_WIRE_FRESNEL_OFF V_WIRE_LIGHT_OFF V_WIRE_IBL_OFF V_WIRE_TRANSPARENCY_OFF ok=0
Cmd: preprocess
  insize=794 outsize=320 ok=1
Cmd: compileSnippet
  api=4 type=0 insize=776 outsize=1128 kw= ok=1
Cmd: compileSnippet
  api=4 type=1 insize=776 outsize=1103 kw= ok=1
Cmd: preprocess
  insize=6471 outsize=998 ok=1
Cmd: compileSnippet
  api=4 type=0 insize=5451 outsize=1298 kw= ok=1
Cmd: compileSnippet
  api=4 type=1 insize=5451 outsize=876 kw= ok=1
Cmd: compileSnippet
  api=4 type=0 insize=5459 outsize=1583 kw= ok=1
Cmd: compileSnippet
  api=4 type=1 insize=5459 outsize=1518 kw= ok=1
Cmd: compileSnippet
  api=4 type=0 insize=5463 outsize=1396 kw= ok=1
Cmd: compileSnippet
  api=4 type=1 insize=5463 outsize=1518 kw= ok=1
Cmd: compileSnippet
  api=4 type=0 insize=5464 outsize=1396 kw= ok=1
Cmd: compileSnippet
  api=4 type=1 insize=5464 outsize=1518 kw= ok=1
Cmd: compileSnippet
  api=4 type=0 insize=5468 outsize=1753 kw= ok=1
Cmd: compileSnippet
  api=4 type=1 insize=5468 outsize=1786 kw= ok=1
Cmd: compileSnippet
  api=4 type=0 insize=5470 outsize=1753 kw= ok=1
Cmd: compileSnippet
  api=4 type=1 insize=5470 outsize=1786 kw= ok=1
Cmd: preprocess
  insize=1551 outsize=865 ok=1
Cmd: preprocess
  insize=32639 outsize=273 ok=1
Cmd: compileSnippet
  api=4 type=0 insize=32668 outsize=990 kw= ok=1
Cmd: compileSnippet
  api=4 type=1 insize=32668 outsize=10748 kw= ok=1
Cmd: preprocess
  insize=1223 outsize=260 ok=1
Cmd: compileSnippet
  api=4 type=0 insize=1265 outsize=1258 kw= ok=1
Cmd: compileSnippet
  api=4 type=1 insize=1265 outsize=1437 kw= ok=1
Cmd: preprocess
  insize=3606 outsize=705 ok=1
Cmd: compileSnippet
  api=4 type=0 insize=2934 outsize=1843 kw= ok=1
Cmd: compileSnippet
  api=4 type=1 insize=2934 outsize=2298 kw= ok=1
Cmd: compileSnippet
  api=4 type=0 insize=2925 outsize=1843 kw= ok=1
Cmd: compileSnippet
  api=4 type=1 insize=2925 outsize=1705 kw= ok=1
Cmd: compileSnippet
  api=4 type=0 insize=2924 outsize=1843 kw= ok=1
Cmd: compileSnippet
  api=4 type=1 insize=2924 outsize=1753 kw= ok=1
Cmd: compileSnippet
  api=4 type=0 insize=2936 outsize=1843 kw= ok=1
Cmd: compileSnippet
  api=4 type=1 insize=2936 outsize=2233 kw= ok=1
Cmd: preprocess
  insize=2928 outsize=1669 ok=1
Cmd: compileSnippet
  api=4 type=0 insize=941 outsize=1583 kw=DIRECTIONAL SHADOWS_OFF LIGHTMAP_OFF DIRLIGHTMAP_OFF V_WIRE_ANTIALIASING_OFF V_WIRE_FRESNEL_OFF V_WIRE_LIGHT_OFF V_WIRE_IBL_OFF ok=1
Cmd: compileSnippet
  api=4 type=1 insize=941 outsize=1786 kw=DIRECTIONAL SHADOWS_OFF LIGHTMAP_OFF DIRLIGHTMAP_OFF V_WIRE_ANTIALIASING_OFF V_WIRE_FRESNEL_OFF V_WIRE_LIGHT_OFF V_WIRE_IBL_OFF ok=1
Cmd: compileSnippet
  api=4 type=0 insize=941 outsize=1583 kw=DIRECTIONAL SHADOWS_OFF LIGHTMAP_OFF DIRLIGHTMAP_OFF V_WIRE_ANTIALIASING_OFF V_WIRE_FRESNEL_OFF V_WIRE_LIGHT_OFF V_WIRE_IBL_OFF ok=1
Cmd: compileSnippet
  api=4 type=1 insize=941 outsize=1786 kw=DIRECTIONAL SHADOWS_OFF LIGHTMAP_OFF DIRLIGHTMAP_OFF V_WIRE_ANTIALIASING_OFF V_WIRE_FRESNEL_OFF V_WIRE_LIGHT_OFF V_WIRE_IBL_OFF ok=1
Cmd: preprocess
  insize=2075 outsize=2098 ok=1
Cmd: compileSnippet
  api=4 type=0 insize=355758 outsize=3240 kw=DIRECTIONAL LIGHTMAP_OFF DIRLIGHTMAP_OFF V_WIRE_ANTIALIASING_OFF V_WIRE_FRESNEL_OFF V_WIRE_LIGHT_OFF V_WIRE_IBL_OFF V_WIRE_TRANSPARENCY_OFF ok=1
Cmd: compileSnippet
  api=4 type=1 insize=355758 outsize=2802 kw=DIRECTIONAL LIGHTMAP_OFF DIRLIGHTMAP_OFF V_WIRE_ANTIALIASING_OFF V_WIRE_FRESNEL_OFF V_WIRE_LIGHT_OFF V_WIRE_IBL_OFF V_WIRE_TRANSPARENCY_OFF ok=1
Cmd: compileSnippet
  api=4 type=0 insize=195691 outsize=3200 kw=POINT V_WIRE_ANTIALIASING_OFF V_WIRE_FRESNEL_OFF V_WIRE_LIGHT_OFF V_WIRE_IBL_OFF V_WIRE_TRANSPARENCY_OFF ok=1
Cmd: compileSnippet
  api=4 type=1 insize=195691 outsize=3118 kw=POINT V_WIRE_ANTIALIASING_OFF V_WIRE_FRESNEL_OFF V_WIRE_LIGHT_OFF V_WIRE_IBL_OFF V_WIRE_TRANSPARENCY_OFF ok=1
Cmd: preprocess
  insize=1006 outsize=248 ok=1
Cmd: compileSnippet
  api=4 type=0 insize=1059 outsize=1534 kw= ok=1
Cmd: compileSnippet
  api=4 type=1 insize=1059 outsize=1144 kw= ok=1
Cmd: preprocess
  insize=5407 outsize=1803 ok=1
Cmd: compileSnippet
  api=4 type=0 insize=3253 outsize=1339 kw= ok=1
Cmd: compileSnippet
  api=4 type=1 insize=3253 outsize=1160 kw= ok=1
Cmd: compileSnippet
  api=4 type=0 insize=3251 outsize=1339 kw= ok=1
Cmd: compileSnippet
  api=4 type=1 insize=3251 outsize=933 kw= ok=1
Cmd: compileSnippet
  api=4 type=0 insize=3267 outsize=1753 kw= ok=1
Cmd: compileSnippet
  api=4 type=1 insize=3267 outsize=1428 kw= ok=1
Cmd: compileSnippet
  api=4 type=0 insize=3259 outsize=1339 kw= ok=1
Cmd: compileSnippet
  api=4 type=1 insize=3259 outsize=852 kw= ok=1
Cmd: compileSnippet
  api=4 type=0 insize=3259 outsize=1339 kw= ok=1
Cmd: compileSnippet
  api=4 type=1 insize=3259 outsize=1160 kw= ok=1
Cmd: compileSnippet
  api=4 type=0 insize=3256 outsize=1339 kw= ok=1
Cmd: compileSnippet
  api=4 type=1 insize=3256 outsize=933 kw= ok=1
Cmd: compileSnippet
  api=4 type=0 insize=3268 outsize=1753 kw= ok=1
Cmd: compileSnippet
  api=4 type=1 insize=3268 outsize=1355 kw= ok=1
Cmd: compileSnippet
  api=4 type=0 insize=3261 outsize=1339 kw= ok=1
Cmd: compileSnippet
  api=4 type=1 insize=3261 outsize=770 kw= ok=1
Cmd: compileSnippet
  api=4 type=0 insize=3254 outsize=1339 kw= ok=1
Cmd: compileSnippet
  api=4 type=1 insize=3254 outsize=559 kw= ok=1
Cmd: compileSnippet
  api=4 type=0 insize=3258 outsize=1339 kw= ok=1
Cmd: compileSnippet
  api=4 type=1 insize=3258 outsize=762 kw= ok=1
Cmd: compileSnippet
  api=4 type=0 insize=3253 outsize=1339 kw= ok=1
Cmd: compileSnippet
  api=4 type=1 insize=3253 outsize=648 kw= ok=1
Cmd: preprocess
  insize=4502 outsize=2232 ok=1
Cmd: compileSnippet
  error: 2 plat 4 at ../cginc/Wire_Vertex.cginc(148): undeclared identifier 'unity_LightmapST'
  api=4 type=0 insize=1317 outsize=0 kw=DIRECTIONAL SHADOWS_OFF LIGHTMAP_OFF LIGHTMAP_ON DIRLIGHTMAP_OFF V_WIRE_ANTIALIASING_OFF V_WIRE_FRESNEL_OFF V_WIRE_LIGHT_OFF V_WIRE_IBL_OFF V_WIRE_TRANSPARENCY_OFF V_WIRE_FRESNEL_REFLECTION_OFF ok=0
Cmd: preprocess
  error: 2 plat 12 at (51): Can't find include file ../cginc/Wire.cginc
  error: 2 plat 12 at (76): Include callback failed
  insize=2056 outsize=1470 ok=0
Cmd: preprocess
  insize=331 outsize=328 ok=1
Cmd: preprocess
  insize=3395 outsize=2046 ok=1
Cmd: compileSnippet
  error: 2 plat 4 at ../cginc/Wire_Vertex.cginc(148): undeclared identifier 'unity_LightmapST'
  api=4 type=0 insize=1164 outsize=0 kw=DIRECTIONAL SHADOWS_OFF LIGHTMAP_OFF LIGHTMAP_ON DIRLIGHTMAP_OFF V_WIRE_ANTIALIASING_OFF V_WIRE_FRESNEL_OFF V_WIRE_LIGHT_OFF V_WIRE_IBL_OFF V_WIRE_FRESNEL_REFLECTION_OFF ok=0
Cmd: preprocess
  insize=2674 outsize=1447 ok=1
Cmd: compileSnippet
  api=4 type=0 insize=893 outsize=1193 kw=V_WIRE_ANTIALIASING_OFF V_WIRE_FRESNEL_OFF V_WIRE_LIGHT_OFF V_WIRE_IBL_OFF ok=1
Cmd: compileSnippet
  api=4 type=1 insize=893 outsize=1055 kw=V_WIRE_ANTIALIASING_OFF V_WIRE_FRESNEL_OFF V_WIRE_LIGHT_OFF V_WIRE_IBL_OFF ok=1
Cmd: compileSnippet
  api=4 type=0 insize=892 outsize=1193 kw=V_WIRE_ANTIALIASING_OFF V_WIRE_FRESNEL_OFF V_WIRE_LIGHT_OFF V_WIRE_IBL_OFF ok=1
Cmd: compileSnippet
  api=4 type=1 insize=892 outsize=1055 kw=V_WIRE_ANTIALIASING_OFF V_WIRE_FRESNEL_OFF V_WIRE_LIGHT_OFF V_WIRE_IBL_OFF ok=1
Cmd: preprocess
  insize=4008 outsize=1949 ok=1
Cmd: compileSnippet
  error: 2 plat 4 at ../cginc/Wire_Vertex.cginc(148): undeclared identifier 'unity_LightmapST'
  api=4 type=0 insize=1317 outsize=0 kw=DIRECTIONAL SHADOWS_OFF LIGHTMAP_OFF LIGHTMAP_ON DIRLIGHTMAP_OFF V_WIRE_ANTIALIASING_OFF V_WIRE_FRESNEL_OFF V_WIRE_LIGHT_OFF V_WIRE_IBL_OFF V_WIRE_GRADIENT_PREVIEW_OFF V_WIRE_GRADIENT_AXIS_X V_WIRE_GRADIENT_SPACE_LOCAL ok=0
Cmd: preprocess
  insize=13848 outsize=2064 ok=1
Cmd: compileSnippet
  api=4 type=0 insize=11209 outsize=990 kw= ok=1
Cmd: compileSnippet
  api=4 type=1 insize=11209 outsize=2160 kw= ok=1
Cmd: compileSnippet
  api=4 type=0 insize=11201 outsize=990 kw= ok=1
Cmd: compileSnippet
  api=4 type=1 insize=11201 outsize=843 kw= ok=1
Cmd: compileSnippet
  api=4 type=0 insize=11209 outsize=990 kw= ok=1
Cmd: compileSnippet
  api=4 type=1 insize=11209 outsize=1916 kw= ok=1
Cmd: compileSnippet
  api=4 type=0 insize=11215 outsize=990 kw= ok=1
Cmd: compileSnippet
  api=4 type=1 insize=11215 outsize=3703 kw= ok=1
Cmd: compileSnippet
  api=4 type=0 insize=11225 outsize=990 kw= ok=1
Cmd: compileSnippet
  api=4 type=1 insize=11225 outsize=5881 kw= ok=1
Cmd: compileSnippet
  api=4 type=0 insize=11212 outsize=990 kw= ok=1
Cmd: compileSnippet
  api=4 type=1 insize=11212 outsize=1615 kw= ok=1
Cmd: compileSnippet
  api=4 type=0 insize=11211 outsize=990 kw= ok=1
Cmd: compileSnippet
  api=4 type=1 insize=11211 outsize=3013 kw= ok=1
Cmd: compileSnippet
  api=4 type=0 insize=11217 outsize=990 kw= ok=1
Cmd: compileSnippet
  api=4 type=1 insize=11217 outsize=9277 kw= ok=1
Cmd: preprocess
  insize=1045 outsize=358 ok=1
Cmd: preprocess
  insize=3560 outsize=2085 ok=1
Cmd: compileSnippet
  error: 2 plat 4 at ../cginc/Wire_Vertex.cginc(148): undeclared identifier 'unity_LightmapST'
  api=4 type=0 insize=1285 outsize=0 kw=DIRECTIONAL SHADOWS_OFF LIGHTMAP_OFF LIGHTMAP_ON DIRLIGHTMAP_OFF V_WIRE_ANTIALIASING_OFF V_WIRE_FRESNEL_OFF V_WIRE_LIGHT_OFF V_WIRE_IBL_OFF V_WIRE_GRADIENT_PREVIEW_OFF V_WIRE_GRADIENT_AXIS_X V_WIRE_GRADIENT_SPACE_LOCAL ok=0
Cmd: preprocess
  insize=6309 outsize=751 ok=1
Cmd: compileSnippet
  api=4 type=0 insize=5346 outsize=1859 kw= ok=1
Cmd: compileSnippet
  api=4 type=1 insize=5346 outsize=4020 kw= ok=1
Cmd: compileSnippet
  api=4 type=0 insize=5355 outsize=1859 kw= ok=1
Cmd: compileSnippet
  api=4 type=1 insize=5355 outsize=3135 kw= ok=1
Cmd: compileSnippet
  api=4 type=0 insize=5349 outsize=1859 kw= ok=1
Cmd: compileSnippet
  api=4 type=1 insize=5349 outsize=3167 kw= ok=1
Cmd: compileSnippet
  api=4 type=0 insize=5360 outsize=1859 kw= ok=1
Cmd: compileSnippet
  api=4 type=1 insize=5360 outsize=2347 kw= ok=1
Cmd: compileSnippet
  api=4 type=0 insize=5355 outsize=1859 kw= ok=1
Cmd: compileSnippet
  api=4 type=1 insize=5355 outsize=1908 kw= ok=1
Cmd: preprocess
  insize=2978 outsize=784 ok=1
Cmd: compileSnippet
  api=4 type=0 insize=2245 outsize=1428 kw= ok=1
Cmd: compileSnippet
  api=4 type=1 insize=2245 outsize=933 kw= ok=1
Cmd: compileSnippet
  api=4 type=0 insize=2247 outsize=1428 kw= ok=1
Cmd: compileSnippet
  api=4 type=1 insize=2247 outsize=1160 kw= ok=1
Cmd: compileSnippet
  api=4 type=0 insize=2249 outsize=1428 kw= ok=1
Cmd: compileSnippet
  api=4 type=1 insize=2249 outsize=973 kw= ok=1
Cmd: compileSnippet
  api=4 type=0 insize=2248 outsize=1428 kw= ok=1
Cmd: compileSnippet
  api=4 type=1 insize=2248 outsize=1973 kw= ok=1
Cmd: compileSnippet
  api=4 type=0 insize=2251 outsize=1428 kw= ok=1
Cmd: compileSnippet
  api=4 type=1 insize=2251 outsize=957 kw= ok=1
Cmd: preprocess
  insize=4178 outsize=2060 ok=1
Cmd: compileSnippet
  error: 2 plat 4 at ../cginc/Wire_Vertex.cginc(148): undeclared identifier 'unity_LightmapST'
  api=4 type=0 insize=1178 outsize=0 kw=DIRECTIONAL SHADOWS_OFF LIGHTMAP_OFF LIGHTMAP_ON DIRLIGHTMAP_OFF V_WIRE_ANTIALIASING_OFF V_WIRE_FRESNEL_OFF V_WIRE_LIGHT_OFF V_WIRE_IBL_OFF V_WIRE_TRANSPARENCY_OFF ok=0
Cmd: preprocess
  insize=2221 outsize=2408 ok=1
Cmd: compileSnippet
  api=4 type=0 insize=1021688 outsize=2867 kw=DIRECTIONAL SHADOWS_OFF LIGHTMAP_OFF DIRLIGHTMAP_OFF V_WIRE_ANTIALIASING_OFF V_WIRE_FRESNEL_OFF V_WIRE_LIGHT_OFF V_WIRE_IBL_OFF V_WIRE_GRADIENT_PREVIEW_OFF V_WIRE_GRADIENT_AXIS_X V_WIRE_GRADIENT_SPACE_LOCAL ok=1
Cmd: compileSnippet
  api=4 type=1 insize=1021688 outsize=2672 kw=DIRECTIONAL SHADOWS_OFF LIGHTMAP_OFF DIRLIGHTMAP_OFF V_WIRE_ANTIALIASING_OFF V_WIRE_FRESNEL_OFF V_WIRE_LIGHT_OFF V_WIRE_IBL_OFF V_WIRE_GRADIENT_PREVIEW_OFF V_WIRE_GRADIENT_AXIS_X V_WIRE_GRADIENT_SPACE_LOCAL ok=1
Cmd: compileSnippet
  api=4 type=0 insize=617674 outsize=3135 kw=POINT V_WIRE_ANTIALIASING_OFF V_WIRE_FRESNEL_OFF V_WIRE_LIGHT_OFF V_WIRE_IBL_OFF V_WIRE_GRADIENT_PREVIEW_OFF V_WIRE_GRADIENT_AXIS_X V_WIRE_GRADIENT_SPACE_LOCAL ok=1
Cmd: compileSnippet
  api=4 type=1 insize=617674 outsize=3045 kw=POINT V_WIRE_ANTIALIASING_OFF V_WIRE_FRESNEL_OFF V_WIRE_LIGHT_OFF V_WIRE_IBL_OFF V_WIRE_GRADIENT_PREVIEW_OFF V_WIRE_GRADIENT_AXIS_X V_WIRE_GRADIENT_SPACE_LOCAL ok=1
Cmd: compileSnippet
  api=4 type=0 insize=522558 outsize=1737 kw=V_WIRE_ANTIALIASING_OFF V_WIRE_FRESNEL_OFF V_WIRE_LIGHT_OFF V_WIRE_IBL_OFF V_WIRE_GRADIENT_PREVIEW_OFF V_WIRE_GRADIENT_AXIS_X V_WIRE_GRADIENT_SPACE_LOCAL ok=1
Cmd: compileSnippet
  api=4 type=1 insize=522558 outsize=738 kw=V_WIRE_ANTIALIASING_OFF V_WIRE_FRESNEL_OFF V_WIRE_LIGHT_OFF V_WIRE_IBL_OFF V_WIRE_GRADIENT_PREVIEW_OFF V_WIRE_GRADIENT_AXIS_X V_WIRE_GRADIENT_SPACE_LOCAL ok=1
Cmd: compileSnippet
  api=4 type=0 insize=946720 outsize=3143 kw=LIGHTMAP_OFF DIRLIGHTMAP_OFF HDR_LIGHT_PREPASS_OFF V_WIRE_ANTIALIASING_OFF V_WIRE_FRESNEL_OFF V_WIRE_LIGHT_OFF V_WIRE_IBL_OFF V_WIRE_GRADIENT_PREVIEW_OFF V_WIRE_GRADIENT_AXIS_X V_WIRE_GRADIENT_SPACE_LOCAL ok=1
Cmd: compileSnippet
  api=4 type=1 insize=946720 outsize=2647 kw=LIGHTMAP_OFF DIRLIGHTMAP_OFF HDR_LIGHT_PREPASS_OFF V_WIRE_ANTIALIASING_OFF V_WIRE_FRESNEL_OFF V_WIRE_LIGHT_OFF V_WIRE_IBL_OFF V_WIRE_GRADIENT_PREVIEW_OFF V_WIRE_GRADIENT_AXIS_X V_WIRE_GRADIENT_SPACE_LOCAL ok=1
Cmd: preprocess
  insize=3463 outsize=1936 ok=1
Cmd: compileSnippet
  api=4 type=0 insize=1096 outsize=2322 kw=DIRECTIONAL SHADOWS_OFF LIGHTMAP_OFF DIRLIGHTMAP_OFF V_WIRE_ANTIALIASING_OFF V_WIRE_FRESNEL_OFF V_WIRE_LIGHT_OFF V_WIRE_IBL_OFF V_WIRE_FRESNEL_REFLECTION_OFF ok=1
Cmd: compileSnippet
  api=4 type=1 insize=1096 outsize=2127 kw=DIRECTIONAL SHADOWS_OFF LIGHTMAP_OFF DIRLIGHTMAP_OFF V_WIRE_ANTIALIASING_OFF V_WIRE_FRESNEL_OFF V_WIRE_LIGHT_OFF V_WIRE_IBL_OFF V_WIRE_FRESNEL_REFLECTION_OFF ok=1
Cmd: compileSnippet
  api=4 type=0 insize=1047 outsize=2322 kw=DIRECTIONAL SHADOWS_OFF LIGHTMAP_OFF DIRLIGHTMAP_OFF V_WIRE_ANTIALIASING_OFF V_WIRE_FRESNEL_OFF V_WIRE_LIGHT_OFF V_WIRE_IBL_OFF ok=1
Cmd: compileSnippet
  api=4 type=1 insize=1047 outsize=2127 kw=DIRECTIONAL SHADOWS_OFF LIGHTMAP_OFF DIRLIGHTMAP_OFF V_WIRE_ANTIALIASING_OFF V_WIRE_FRESNEL_OFF V_WIRE_LIGHT_OFF V_WIRE_IBL_OFF ok=1
Cmd: preprocess
  insize=3661 outsize=1848 ok=1
Cmd: compileSnippet
  error: 2 plat 4 at ../cginc/Wire_Vertex.cginc(148): undeclared identifier 'unity_LightmapST'
  api=4 type=0 insize=1184 outsize=0 kw=LIGHTMAP_ON V_WIRE_ANTIALIASING_OFF V_WIRE_FRESNEL_OFF V_WIRE_LIGHT_OFF V_WIRE_IBL_OFF V_WIRE_GRADIENT_PREVIEW_OFF V_WIRE_GRADIENT_AXIS_X V_WIRE_GRADIENT_SPACE_LOCAL ok=0
Cmd: preprocess
  insize=1795 outsize=1422 ok=1
Cmd: compileSnippet
  api=4 type=0 insize=656 outsize=1274 kw=V_WIRE_ANTIALIASING_OFF ok=1
Cmd: compileSnippet
  api=4 type=1 insize=656 outsize=1144 kw=V_WIRE_ANTIALIASING_OFF ok=1
Cmd: preprocess
  insize=1907 outsize=2251 ok=1
Cmd: compileSnippet
  api=4 type=0 insize=354537 outsize=3240 kw=DIRECTIONAL SHADOWS_OFF LIGHTMAP_OFF DIRLIGHTMAP_OFF V_WIRE_ANTIALIASING_OFF V_WIRE_FRESNEL_OFF V_WIRE_LIGHT_OFF V_WIRE_IBL_OFF V_WIRE_TRANSPARENCY_OFF ok=1
Cmd: compileSnippet
  api=4 type=1 insize=354537 outsize=2883 kw=DIRECTIONAL SHADOWS_OFF LIGHTMAP_OFF DIRLIGHTMAP_OFF V_WIRE_ANTIALIASING_OFF V_WIRE_FRESNEL_OFF V_WIRE_LIGHT_OFF V_WIRE_IBL_OFF V_WIRE_TRANSPARENCY_OFF ok=1
Cmd: compileSnippet
  api=4 type=0 insize=195307 outsize=3200 kw=POINT V_WIRE_ANTIALIASING_OFF V_WIRE_FRESNEL_OFF V_WIRE_LIGHT_OFF V_WIRE_IBL_OFF V_WIRE_TRANSPARENCY_OFF ok=1
Cmd: compileSnippet
  api=4 type=1 insize=195307 outsize=3159 kw=POINT V_WIRE_ANTIALIASING_OFF V_WIRE_FRESNEL_OFF V_WIRE_LIGHT_OFF V_WIRE_IBL_OFF V_WIRE_TRANSPARENCY_OFF ok=1
Cmd: compileSnippet
  api=4 type=0 insize=152831 outsize=1623 kw=V_WIRE_ANTIALIASING_OFF V_WIRE_FRESNEL_OFF V_WIRE_LIGHT_OFF V_WIRE_IBL_OFF V_WIRE_TRANSPARENCY_OFF ok=1
Cmd: compileSnippet
  api=4 type=1 insize=152831 outsize=730 kw=V_WIRE_ANTIALIASING_OFF V_WIRE_FRESNEL_OFF V_WIRE_LIGHT_OFF V_WIRE_IBL_OFF V_WIRE_TRANSPARENCY_OFF ok=1
Cmd: compileSnippet
  api=4 type=0 insize=310449 outsize=3029 kw=LIGHTMAP_OFF DIRLIGHTMAP_OFF HDR_LIGHT_PREPASS_OFF V_WIRE_ANTIALIASING_OFF V_WIRE_FRESNEL_OFF V_WIRE_LIGHT_OFF V_WIRE_IBL_OFF V_WIRE_TRANSPARENCY_OFF ok=1
Cmd: compileSnippet
  api=4 type=1 insize=310449 outsize=2103 kw=LIGHTMAP_OFF DIRLIGHTMAP_OFF HDR_LIGHT_PREPASS_OFF V_WIRE_ANTIALIASING_OFF V_WIRE_FRESNEL_OFF V_WIRE_LIGHT_OFF V_WIRE_IBL_OFF V_WIRE_TRANSPARENCY_OFF ok=1
Cmd: preprocess
  insize=11465 outsize=2629 ok=1
Cmd: compileSnippet
  api=4 type=0 insize=8625 outsize=1298 kw= ok=1
Cmd: compileSnippet
  api=4 type=1 insize=8625 outsize=4459 kw= ok=1
Cmd: compileSnippet
  api=4 type=0 insize=8630 outsize=1298 kw= ok=1
Cmd: compileSnippet
  api=4 type=1 insize=8630 outsize=2542 kw= ok=1
Cmd: compileSnippet
  api=4 type=0 insize=8629 outsize=1298 kw= ok=1
Cmd: compileSnippet
  api=4 type=1 insize=8629 outsize=876 kw= ok=1
Cmd: compileSnippet
  api=4 type=0 insize=8634 outsize=1298 kw= ok=1
Cmd: compileSnippet
  api=4 type=1 insize=8634 outsize=1729 kw= ok=1
Cmd: compileSnippet
  api=4 type=0 insize=8633 outsize=1298 kw= ok=1
Cmd: compileSnippet
  api=4 type=1 insize=8633 outsize=1331 kw= ok=1
Cmd: preprocess
  insize=984 outsize=438 ok=1
Cmd: compileSnippet
  api=4 type=0 insize=848 outsize=1128 kw= ok=1
Cmd: compileSnippet
  api=4 type=1 insize=848 outsize=778 kw= ok=1
Cmd: preprocess
  insize=13865 outsize=2635 ok=1
Cmd: compileSnippet
  api=4 type=0 insize=10278 outsize=990 kw= ok=1
Cmd: compileSnippet
  api=4 type=1 insize=10278 outsize=1177 kw= ok=1
Cmd: compileSnippet
  api=4 type=0 insize=10278 outsize=990 kw= ok=1
Cmd: compileSnippet
  api=4 type=1 insize=10278 outsize=1615 kw= ok=1
Cmd: compileSnippet
  api=4 type=0 insize=10278 outsize=990 kw= ok=1
Cmd: compileSnippet
  api=4 type=1 insize=10278 outsize=1688 kw= ok=1
Cmd: compileSnippet
  api=4 type=0 insize=10261 outsize=990 kw= ok=1
Cmd: compileSnippet
  api=4 type=1 insize=10261 outsize=1209 kw= ok=1
Cmd: compileSnippet
  api=4 type=0 insize=10280 outsize=990 kw= ok=1
Cmd: compileSnippet
  api=4 type=1 insize=10280 outsize=1339 kw= ok=1
Cmd: compileSnippet
  api=4 type=0 insize=10261 outsize=990 kw= ok=1
Cmd: compileSnippet
  api=4 type=1 insize=10261 outsize=1607 kw= ok=1
Cmd: compileSnippet
  api=4 type=0 insize=10306 outsize=1347 kw= ok=1
Cmd: compileSnippet
  api=4 type=1 insize=10306 outsize=1851 kw= ok=1
Cmd: compileSnippet
  api=4 type=0 insize=10260 outsize=990 kw= ok=1
Cmd: compileSnippet
  api=4 type=1 insize=10260 outsize=510 kw= ok=1
Cmd: compileSnippet
  api=4 type=0 insize=10264 outsize=990 kw= ok=1
Cmd: compileSnippet
  api=4 type=1 insize=10264 outsize=600 kw= ok=1
Cmd: compileSnippet
  api=4 type=0 insize=10286 outsize=2160 kw= ok=1
Cmd: compileSnippet
  api=4 type=1 insize=10286 outsize=2923 kw= ok=1
Cmd: compileSnippet
  api=4 type=0 insize=10280 outsize=2160 kw= ok=1
Cmd: compileSnippet
  api=4 type=1 insize=10280 outsize=3086 kw= ok=1
Cmd: compileSnippet
  api=4 type=0 insize=10286 outsize=2160 kw= ok=1
Cmd: compileSnippet
  api=4 type=1 insize=10286 outsize=2923 kw= ok=1
Cmd: preprocess
  insize=2481 outsize=1692 ok=1
Cmd: compileSnippet
  api=4 type=0 insize=1096 outsize=2322 kw=DIRECTIONAL SHADOWS_OFF LIGHTMAP_OFF DIRLIGHTMAP_OFF V_WIRE_ANTIALIASING_OFF V_WIRE_FRESNEL_OFF V_WIRE_LIGHT_OFF V_WIRE_IBL_OFF V_WIRE_FRESNEL_REFLECTION_OFF ok=1
Cmd: compileSnippet
  api=4 type=1 insize=1096 outsize=2127 kw=DIRECTIONAL SHADOWS_OFF LIGHTMAP_OFF DIRLIGHTMAP_OFF V_WIRE_ANTIALIASING_OFF V_WIRE_FRESNEL_OFF V_WIRE_LIGHT_OFF V_WIRE_IBL_OFF V_WIRE_FRESNEL_REFLECTION_OFF ok=1
Cmd: preprocess
  insize=1960 outsize=490 ok=1
Cmd: compileSnippet
  api=4 type=0 insize=1746 outsize=990 kw= ok=1
Cmd: compileSnippet
  api=4 type=1 insize=1746 outsize=1599 kw= ok=1
Cmd: compileSnippet
  api=4 type=0 insize=1759 outsize=990 kw= ok=1
Cmd: compileSnippet
  api=4 type=1 insize=1759 outsize=1550 kw= ok=1
Cmd: preprocess
  insize=1735 outsize=1326 ok=1
Cmd: compileSnippet
  api=4 type=0 insize=690 outsize=1193 kw=V_WIRE_ANTIALIASING_OFF ok=1
Cmd: compileSnippet
  api=4 type=1 insize=690 outsize=908 kw=V_WIRE_ANTIALIASING_OFF ok=1
Cmd: preprocess
  insize=2702 outsize=1124 ok=1
Cmd: preprocess
  insize=1699 outsize=302 ok=1
Cmd: compileSnippet
  api=4 type=0 insize=1702 outsize=1737 kw= ok=1
Cmd: compileSnippet
  api=4 type=1 insize=1702 outsize=2355 kw= ok=1
Cmd: preprocess
  insize=1189 outsize=403 ok=1
Cmd: compileSnippet
  api=4 type=0 insize=1088 outsize=1583 kw= ok=1
Cmd: compileSnippet
  api=4 type=1 insize=1088 outsize=1152 kw= ok=1
Cmd: preprocess
  insize=1153 outsize=392 ok=1
Cmd: preprocess
  insize=27359 outsize=4723 ok=1
Cmd: preprocess
  insize=4118 outsize=553 ok=1
Cmd: compileSnippet
  api=4 type=0 insize=3765 outsize=1737 kw= ok=1
Cmd: compileSnippet
  api=4 type=1 insize=3765 outsize=2932 kw= ok=1
Cmd: compileSnippet
  api=4 type=0 insize=3778 outsize=1737 kw= ok=1
Cmd: compileSnippet
  api=4 type=1 insize=3778 outsize=1778 kw= ok=1
Cmd: compileSnippet
  api=4 type=0 insize=3769 outsize=1737 kw= ok=1
Cmd: compileSnippet
  api=4 type=1 insize=3769 outsize=2038 kw= ok=1
Cmd: preprocess
  insize=2476 outsize=1571 ok=1
Cmd: compileSnippet
  error: 2 plat 4 at ../cginc/Wire_Vertex.cginc(148): undeclared identifier 'unity_LightmapST'
  api=4 type=0 insize=1178 outsize=0 kw=LIGHTMAP_ON V_WIRE_ANTIALIASING_OFF V_WIRE_FRESNEL_OFF V_WIRE_LIGHT_OFF V_WIRE_IBL_OFF V_WIRE_GRADIENT_PREVIEW_OFF V_WIRE_GRADIENT_AXIS_X V_WIRE_GRADIENT_SPACE_LOCAL ok=0
Cmd: preprocess
  insize=2281 outsize=1209 ok=1
Cmd: compileSnippet
  api=4 type=0 insize=1317 outsize=2103 kw= ok=1
Cmd: compileSnippet
  api=4 type=1 insize=1317 outsize=1583 kw= ok=1
Cmd: preprocess
  insize=1723 outsize=1308 ok=1
Cmd: compileSnippet
  api=4 type=0 insize=696 outsize=1193 kw=V_WIRE_ANTIALIASING_OFF ok=1
Cmd: compileSnippet
  api=4 type=1 insize=696 outsize=990 kw=V_WIRE_ANTIALIASING_OFF ok=1
Cmd: preprocess
  insize=1744 outsize=296 ok=1
Cmd: compileSnippet
  api=4 type=0 insize=1749 outsize=1713 kw= ok=1
Cmd: compileSnippet
  api=4 type=1 insize=1749 outsize=3248 kw= ok=1
Cmd: preprocess
  insize=1033 outsize=351 ok=1
Cmd: compileSnippet
  api=4 type=0 insize=984 outsize=990 kw= ok=1
Cmd: compileSnippet
  api=4 type=1 insize=984 outsize=1282 kw= ok=1
Cmd: preprocess
  insize=1134 outsize=458 ok=1
Cmd: compileSnippet
  api=4 type=0 insize=951 outsize=990 kw= ok=1
Cmd: compileSnippet
  api=4 type=1 insize=951 outsize=949 kw= ok=1
Cmd: compileSnippet
  api=4 type=0 insize=957 outsize=990 kw= ok=1
Cmd: compileSnippet
  api=4 type=1 insize=957 outsize=1006 kw= ok=1
Cmd: preprocess
  insize=742 outsize=267 ok=1
Cmd: compileSnippet
  api=4 type=0 insize=775 outsize=1128 kw= ok=1
Cmd: compileSnippet
  api=4 type=1 insize=775 outsize=819 kw= ok=1
Cmd: preprocess
  insize=2184 outsize=2405 ok=1
Cmd: compileSnippet
  api=4 type=0 insize=717850 outsize=3703 kw=DIRECTIONAL SHADOWS_OFF LIGHTMAP_OFF DIRLIGHTMAP_OFF V_WIRE_ANTIALIASING_OFF V_WIRE_FRESNEL_OFF V_WIRE_LIGHT_OFF V_WIRE_IBL_OFF V_WIRE_TRANSPARENCY_OFF V_WIRE_FRESNEL_REFLECTION_OFF ok=1
Cmd: compileSnippet
  api=4 type=1 insize=717850 outsize=2217 kw=DIRECTIONAL SHADOWS_OFF LIGHTMAP_OFF DIRLIGHTMAP_OFF V_WIRE_ANTIALIASING_OFF V_WIRE_FRESNEL_OFF V_WIRE_LIGHT_OFF V_WIRE_IBL_OFF V_WIRE_TRANSPARENCY_OFF V_WIRE_FRESNEL_REFLECTION_OFF ok=1
Cmd: compileSnippet
  api=4 type=0 insize=402940 outsize=3021 kw=POINT V_WIRE_ANTIALIASING_OFF V_WIRE_FRESNEL_OFF V_WIRE_LIGHT_OFF V_WIRE_IBL_OFF V_WIRE_TRANSPARENCY_OFF V_WIRE_FRESNEL_REFLECTION_OFF ok=1
Cmd: compileSnippet
  api=4 type=1 insize=402940 outsize=2217 kw=POINT V_WIRE_ANTIALIASING_OFF V_WIRE_FRESNEL_OFF V_WIRE_LIGHT_OFF V_WIRE_IBL_OFF V_WIRE_TRANSPARENCY_OFF V_WIRE_FRESNEL_REFLECTION_OFF ok=1
Cmd: compileSnippet
  api=4 type=0 insize=329792 outsize=1623 kw=V_WIRE_ANTIALIASING_OFF V_WIRE_FRESNEL_OFF V_WIRE_LIGHT_OFF V_WIRE_IBL_OFF V_WIRE_TRANSPARENCY_OFF V_WIRE_FRESNEL_REFLECTION_OFF ok=1
Cmd: compileSnippet
  api=4 type=1 insize=329792 outsize=689 kw=V_WIRE_ANTIALIASING_OFF V_WIRE_FRESNEL_OFF V_WIRE_LIGHT_OFF V_WIRE_IBL_OFF V_WIRE_TRANSPARENCY_OFF V_WIRE_FRESNEL_REFLECTION_OFF ok=1
Cmd: compileSnippet
  api=4 type=0 insize=657762 outsize=3947 kw=LIGHTMAP_OFF DIRLIGHTMAP_OFF HDR_LIGHT_PREPASS_OFF V_WIRE_ANTIALIASING_OFF V_WIRE_FRESNEL_OFF V_WIRE_LIGHT_OFF V_WIRE_IBL_OFF V_WIRE_TRANSPARENCY_OFF V_WIRE_FRESNEL_REFLECTION_OFF ok=1
Cmd: compileSnippet
  api=4 type=1 insize=657762 outsize=2160 kw=LIGHTMAP_OFF DIRLIGHTMAP_OFF HDR_LIGHT_PREPASS_OFF V_WIRE_ANTIALIASING_OFF V_WIRE_FRESNEL_OFF V_WIRE_LIGHT_OFF V_WIRE_IBL_OFF V_WIRE_TRANSPARENCY_OFF V_WIRE_FRESNEL_REFLECTION_OFF ok=1
Cmd: preprocess
  insize=2267 outsize=1398 ok=1
Cmd: compileSnippet
  error: 2 plat 4 at ../cginc/Wire_Vertex.cginc(148): undeclared identifier 'unity_LightmapST'
  api=4 type=0 insize=1142 outsize=0 kw=LIGHTMAP_ON V_WIRE_ANTIALIASING_OFF V_WIRE_FRESNEL_OFF V_WIRE_LIGHT_OFF V_WIRE_IBL_OFF V_WIRE_GRADIENT_PREVIEW_OFF V_WIRE_GRADIENT_AXIS_X V_WIRE_GRADIENT_SPACE_LOCAL ok=0
Cmd: preprocess
  insize=1801 outsize=1223 ok=1
Cmd: compileSnippet
  error: 2 plat 4 at ../cginc/Wire_Vertex.cginc(148): undeclared identifier 'unity_LightmapST'
  api=4 type=0 insize=856 outsize=0 kw=LIGHTMAP_ON V_WIRE_ANTIALIASING_OFF V_WIRE_FRESNEL_OFF V_WIRE_LIGHT_OFF V_WIRE_IBL_OFF ok=0
Cmd: preprocess
  insize=5863 outsize=873 ok=1
Cmd: compileSnippet
  api=4 type=0 insize=4952 outsize=1558 kw= ok=1
Cmd: compileSnippet
  api=4 type=1 insize=4952 outsize=2135 kw= ok=1
Cmd: compileSnippet
  api=4 type=0 insize=4955 outsize=1558 kw= ok=1
Cmd: compileSnippet
  api=4 type=1 insize=4955 outsize=1640 kw= ok=1
Cmd: compileSnippet
  api=4 type=0 insize=4959 outsize=1558 kw= ok=1
Cmd: compileSnippet
  api=4 type=1 insize=4959 outsize=1802 kw= ok=1
Cmd: compileSnippet
  api=4 type=0 insize=4968 outsize=990 kw= ok=1
Cmd: compileSnippet
  api=4 type=1 insize=4968 outsize=1038 kw= ok=1
Cmd: compileSnippet
  api=4 type=0 insize=4949 outsize=1558 kw= ok=1
Cmd: compileSnippet
  api=4 type=1 insize=4949 outsize=2135 kw= ok=1
Cmd: preprocess
  insize=5662 outsize=758 ok=1
Cmd: compileSnippet
  api=4 type=0 insize=4698 outsize=990 kw= ok=1
Cmd: compileSnippet
  api=4 type=1 insize=4698 outsize=811 kw= ok=1
Cmd: compileSnippet
  api=4 type=0 insize=4703 outsize=2135 kw= ok=1
Cmd: compileSnippet
  api=4 type=1 insize=4703 outsize=1835 kw= ok=1
Cmd: compileSnippet
  api=4 type=0 insize=4713 outsize=2143 kw= ok=1
Cmd: compileSnippet
  api=4 type=1 insize=4713 outsize=2395 kw= ok=1
Cmd: compileSnippet
  api=4 type=0 insize=4708 outsize=2143 kw= ok=1
Cmd: compileSnippet
  api=4 type=1 insize=4708 outsize=2030 kw= ok=1
Cmd: compileSnippet
  api=4 type=0 insize=4714 outsize=1737 kw= ok=1
Cmd: compileSnippet
  api=4 type=1 insize=4714 outsize=2355 kw= ok=1
Cmd: preprocess
  insize=590 outsize=357 ok=1
Cmd: compileSnippet
  api=4 type=0 insize=532 outsize=1128 kw= ok=1
Cmd: compileSnippet
  api=4 type=1 insize=532 outsize=868 kw= ok=1
Cmd: preprocess
  insize=7288 outsize=926 ok=1
Cmd: compileSnippet
  api=4 type=0 insize=5703 outsize=1298 kw= ok=1
Cmd: compileSnippet
  api=4 type=1 insize=5703 outsize=795 kw= ok=1
Cmd: compileSnippet
  api=4 type=0 insize=5703 outsize=1298 kw= ok=1
Cmd: compileSnippet
  api=4 type=1 insize=5703 outsize=892 kw= ok=1
Cmd: compileSnippet
  api=4 type=0 insize=5697 outsize=1298 kw= ok=1
Cmd: compileSnippet
  api=4 type=1 insize=5697 outsize=2623 kw= ok=1
Cmd: compileSnippet
  api=4 type=0 insize=5696 outsize=1298 kw= ok=1
Cmd: compileSnippet
  api=4 type=1 insize=5696 outsize=2777 kw= ok=1
Cmd: compileSnippet
  api=4 type=0 insize=5699 outsize=1298 kw= ok=1
Cmd: compileSnippet
  api=4 type=1 insize=5699 outsize=2891 kw= ok=1
Cmd: compileSnippet
  api=4 type=0 insize=5699 outsize=1298 kw= ok=1
Cmd: compileSnippet
  api=4 type=1 insize=5699 outsize=2948 kw= ok=1
Cmd: compileSnippet
  api=4 type=0 insize=5701 outsize=1298 kw= ok=1
Cmd: compileSnippet
  api=4 type=1 insize=5701 outsize=998 kw= ok=1
Cmd: preprocess
  insize=2441 outsize=2580 ok=1
Cmd: compileSnippet
  api=4 type=0 insize=849628 outsize=5987 kw=DIRECTIONAL SHADOWS_OFF LIGHTMAP_OFF DIRLIGHTMAP_OFF V_WIRE_ANTIALIASING_OFF V_WIRE_FRESNEL_OFF V_WIRE_LIGHT_OFF V_WIRE_IBL_OFF V_WIRE_TRANSPARENCY_OFF V_WIRE_FRESNEL_REFLECTION_OFF ok=1
Cmd: compileSnippet
  api=4 type=1 insize=849628 outsize=4353 kw=DIRECTIONAL SHADOWS_OFF LIGHTMAP_OFF DIRLIGHTMAP_OFF V_WIRE_ANTIALIASING_OFF V_WIRE_FRESNEL_OFF V_WIRE_LIGHT_OFF V_WIRE_IBL_OFF V_WIRE_TRANSPARENCY_OFF V_WIRE_FRESNEL_REFLECTION_OFF ok=1
Cmd: compileSnippet
  api=4 type=0 insize=425982 outsize=3939 kw=POINT V_WIRE_ANTIALIASING_OFF V_WIRE_FRESNEL_OFF V_WIRE_LIGHT_OFF V_WIRE_IBL_OFF V_WIRE_TRANSPARENCY_OFF V_WIRE_FRESNEL_REFLECTION_OFF ok=1
Cmd: compileSnippet
  api=4 type=1 insize=425982 outsize=3630 kw=POINT V_WIRE_ANTIALIASING_OFF V_WIRE_FRESNEL_OFF V_WIRE_LIGHT_OFF V_WIRE_IBL_OFF V_WIRE_TRANSPARENCY_OFF V_WIRE_FRESNEL_REFLECTION_OFF ok=1
Cmd: compileSnippet
  api=4 type=0 insize=401666 outsize=3062 kw=V_WIRE_ANTIALIASING_OFF V_WIRE_FRESNEL_OFF V_WIRE_LIGHT_OFF V_WIRE_IBL_OFF V_WIRE_TRANSPARENCY_OFF V_WIRE_FRESNEL_REFLECTION_OFF ok=1
Cmd: compileSnippet
  api=4 type=1 insize=401666 outsize=1607 kw=V_WIRE_ANTIALIASING_OFF V_WIRE_FRESNEL_OFF V_WIRE_LIGHT_OFF V_WIRE_IBL_OFF V_WIRE_TRANSPARENCY_OFF V_WIRE_FRESNEL_REFLECTION_OFF ok=1
Cmd: compileSnippet
  api=4 type=0 insize=771460 outsize=5515 kw=LIGHTMAP_OFF DIRLIGHTMAP_OFF HDR_LIGHT_PREPASS_OFF V_WIRE_ANTIALIASING_OFF V_WIRE_FRESNEL_OFF V_WIRE_LIGHT_OFF V_WIRE_IBL_OFF V_WIRE_TRANSPARENCY_OFF V_WIRE_FRESNEL_REFLECTION_OFF ok=1
Cmd: compileSnippet
  api=4 type=1 insize=771460 outsize=3622 kw=LIGHTMAP_OFF DIRLIGHTMAP_OFF HDR_LIGHT_PREPASS_OFF V_WIRE_ANTIALIASING_OFF V_WIRE_FRESNEL_OFF V_WIRE_LIGHT_OFF V_WIRE_IBL_OFF V_WIRE_TRANSPARENCY_OFF V_WIRE_FRESNEL_REFLECTION_OFF ok=1
Cmd: preprocess
  insize=2073 outsize=1435 ok=1
Cmd: compileSnippet
  api=4 type=0 insize=949 outsize=1583 kw=DIRECTIONAL SHADOWS_OFF LIGHTMAP_OFF DIRLIGHTMAP_OFF V_WIRE_ANTIALIASING_OFF V_WIRE_FRESNEL_OFF V_WIRE_LIGHT_OFF V_WIRE_IBL_OFF ok=1
Cmd: compileSnippet
  api=4 type=1 insize=949 outsize=1786 kw=DIRECTIONAL SHADOWS_OFF LIGHTMAP_OFF DIRLIGHTMAP_OFF V_WIRE_ANTIALIASING_OFF V_WIRE_FRESNEL_OFF V_WIRE_LIGHT_OFF V_WIRE_IBL_OFF ok=1
Cmd: preprocess
  insize=32649 outsize=273 ok=1
Cmd: compileSnippet
  api=4 type=0 insize=32678 outsize=990 kw= ok=1
Cmd: compileSnippet
  api=4 type=1 insize=32678 outsize=10683 kw= ok=1
Cmd: preprocess
  insize=5299 outsize=1741 ok=1
Cmd: compileSnippet
  api=4 type=0 insize=3862 outsize=1753 kw= ok=1
Cmd: compileSnippet
  api=4 type=1 insize=3862 outsize=4557 kw= ok=1
Cmd: preprocess
  insize=2990 outsize=1809 ok=1
Cmd: compileSnippet
  error: 2 plat 4 at ../cginc/Wire_Vertex.cginc(148): undeclared identifier 'unity_LightmapST'
  api=4 type=0 insize=1002 outsize=0 kw=DIRECTIONAL SHADOWS_OFF LIGHTMAP_OFF LIGHTMAP_ON DIRLIGHTMAP_OFF V_WIRE_ANTIALIASING_OFF V_WIRE_FRESNEL_OFF V_WIRE_LIGHT_OFF V_WIRE_IBL_OFF ok=0
Cmd: preprocess
  insize=2840 outsize=1827 ok=1
Cmd: compileSnippet
  error: 2 plat 4 at ../cginc/Wire_Vertex.cginc(148): undeclared identifier 'unity_LightmapST'
  api=4 type=0 insize=1315 outsize=0 kw=DIRECTIONAL SHADOWS_OFF LIGHTMAP_OFF LIGHTMAP_ON DIRLIGHTMAP_OFF V_WIRE_ANTIALIASING_OFF V_WIRE_FRESNEL_OFF V_WIRE_LIGHT_OFF V_WIRE_IBL_OFF V_WIRE_GRADIENT_PREVIEW_OFF V_WIRE_GRADIENT_AXIS_X V_WIRE_GRADIENT_SPACE_LOCAL ok=0
Cmd: preprocess
  insize=6804 outsize=255 ok=1
Cmd: compileSnippet
  api=4 type=0 insize=6851 outsize=1380 kw= ok=1
Cmd: compileSnippet
  api=4 type=1 insize=6851 outsize=4418 kw= ok=1
Cmd: preprocess
  insize=4539 outsize=555 ok=1
Cmd: compileSnippet
  api=4 type=0 insize=4192 outsize=2200 kw= ok=1
Cmd: compileSnippet
  api=4 type=1 insize=4192 outsize=4297 kw= ok=1
Cmd: compileSnippet
  api=4 type=0 insize=4197 outsize=2200 kw= ok=1
Cmd: compileSnippet
  api=4 type=1 insize=4197 outsize=3362 kw= ok=1
Cmd: preprocess
  insize=2772 outsize=2442 ok=1
Cmd: compileSnippet
  api=4 type=0 insize=1155133 outsize=4240 kw=DIRECTIONAL LIGHTMAP_OFF DIRLIGHTMAP_OFF V_WIRE_ANTIALIASING_OFF V_WIRE_FRESNEL_OFF V_WIRE_LIGHT_OFF V_WIRE_IBL_OFF V_WIRE_GRADIENT_PREVIEW_OFF V_WIRE_GRADIENT_AXIS_X V_WIRE_GRADIENT_SPACE_LOCAL ok=1
Cmd: compileSnippet
  api=4 type=1 insize=1155133 outsize=4134 kw=DIRECTIONAL LIGHTMAP_OFF DIRLIGHTMAP_OFF V_WIRE_ANTIALIASING_OFF V_WIRE_FRESNEL_OFF V_WIRE_LIGHT_OFF V_WIRE_IBL_OFF V_WIRE_GRADIENT_PREVIEW_OFF V_WIRE_GRADIENT_AXIS_X V_WIRE_GRADIENT_SPACE_LOCAL ok=1
Cmd: compileSnippet
  api=4 type=0 insize=659818 outsize=3890 kw=POINT V_WIRE_ANTIALIASING_OFF V_WIRE_FRESNEL_OFF V_WIRE_LIGHT_OFF V_WIRE_IBL_OFF V_WIRE_GRADIENT_PREVIEW_OFF V_WIRE_GRADIENT_AXIS_X V_WIRE_GRADIENT_SPACE_LOCAL ok=1
Cmd: compileSnippet
  api=4 type=1 insize=659818 outsize=4492 kw=POINT V_WIRE_ANTIALIASING_OFF V_WIRE_FRESNEL_OFF V_WIRE_LIGHT_OFF V_WIRE_IBL_OFF V_WIRE_GRADIENT_PREVIEW_OFF V_WIRE_GRADIENT_AXIS_X V_WIRE_GRADIENT_SPACE_LOCAL ok=1
Cmd: preprocess
  insize=3383 outsize=1822 ok=1
Cmd: compileSnippet
  api=4 type=0 insize=1091 outsize=1664 kw=DIRECTIONAL SHADOWS_OFF LIGHTMAP_OFF DIRLIGHTMAP_OFF V_WIRE_ANTIALIASING_OFF V_WIRE_FRESNEL_OFF V_WIRE_LIGHT_OFF V_WIRE_IBL_OFF V_WIRE_TRANSPARENCY_OFF ok=1
Cmd: compileSnippet
  api=4 type=1 insize=1091 outsize=1940 kw=DIRECTIONAL SHADOWS_OFF LIGHTMAP_OFF DIRLIGHTMAP_OFF V_WIRE_ANTIALIASING_OFF V_WIRE_FRESNEL_OFF V_WIRE_LIGHT_OFF V_WIRE_IBL_OFF V_WIRE_TRANSPARENCY_OFF ok=1
Cmd: compileSnippet
  api=4 type=0 insize=1093 outsize=1664 kw=DIRECTIONAL SHADOWS_OFF LIGHTMAP_OFF DIRLIGHTMAP_OFF V_WIRE_ANTIALIASING_OFF V_WIRE_FRESNEL_OFF V_WIRE_LIGHT_OFF V_WIRE_IBL_OFF V_WIRE_TRANSPARENCY_OFF ok=1
Cmd: compileSnippet
  api=4 type=1 insize=1093 outsize=1940 kw=DIRECTIONAL SHADOWS_OFF LIGHTMAP_OFF DIRLIGHTMAP_OFF V_WIRE_ANTIALIASING_OFF V_WIRE_FRESNEL_OFF V_WIRE_LIGHT_OFF V_WIRE_IBL_OFF V_WIRE_TRANSPARENCY_OFF ok=1
Cmd: preprocess
  insize=4868 outsize=1016 ok=1
Cmd: compileSnippet
  api=4 type=0 insize=3836 outsize=1298 kw= ok=1
Cmd: compileSnippet
  api=4 type=1 insize=3836 outsize=1201 kw= ok=1
Cmd: compileSnippet
  api=4 type=0 insize=3844 outsize=1233 kw= ok=1
Cmd: compileSnippet
  api=4 type=1 insize=3844 outsize=1185 kw= ok=1
Cmd: compileSnippet
  api=4 type=0 insize=3842 outsize=1298 kw= ok=1
Cmd: compileSnippet
  api=4 type=1 insize=3842 outsize=1672 kw= ok=1
Cmd: compileSnippet
  api=4 type=0 insize=3844 outsize=1298 kw= ok=1
Cmd: compileSnippet
  api=4 type=1 insize=3844 outsize=1623 kw= ok=1
Cmd: compileSnippet
  api=4 type=0 insize=3834 outsize=1298 kw= ok=1
Cmd: compileSnippet
  api=4 type=1 insize=3834 outsize=973 kw= ok=1
Cmd: preprocess
  insize=2204 outsize=2136 ok=1
Cmd: compileSnippet
  api=4 type=0 insize=377454 outsize=4288 kw=DIRECTIONAL LIGHTMAP_OFF DIRLIGHTMAP_OFF V_WIRE_ANTIALIASING_OFF V_WIRE_FRESNEL_OFF V_WIRE_LIGHT_OFF V_WIRE_IBL_OFF V_WIRE_TRANSPARENCY_OFF ok=1
Cmd: compileSnippet
  api=4 type=1 insize=377454 outsize=3265 kw=DIRECTIONAL LIGHTMAP_OFF DIRLIGHTMAP_OFF V_WIRE_ANTIALIASING_OFF V_WIRE_FRESNEL_OFF V_WIRE_LIGHT_OFF V_WIRE_IBL_OFF V_WIRE_TRANSPARENCY_OFF ok=1
Cmd: compileSnippet
  api=4 type=0 insize=201707 outsize=3939 kw=POINT V_WIRE_ANTIALIASING_OFF V_WIRE_FRESNEL_OFF V_WIRE_LIGHT_OFF V_WIRE_IBL_OFF V_WIRE_TRANSPARENCY_OFF ok=1
Cmd: compileSnippet
  api=4 type=1 insize=201707 outsize=3590 kw=POINT V_WIRE_ANTIALIASING_OFF V_WIRE_FRESNEL_OFF V_WIRE_LIGHT_OFF V_WIRE_IBL_OFF V_WIRE_TRANSPARENCY_OFF ok=1
Cmd: preprocess
  insize=5767 outsize=1268 ok=1
Cmd: preprocess
  insize=785 outsize=304 ok=1
Cmd: compileSnippet
  api=4 type=0 insize=783 outsize=990 kw= ok=1
Cmd: compileSnippet
  api=4 type=1 insize=783 outsize=657 kw= ok=1
Cmd: preprocess
  insize=725 outsize=317 ok=1
Cmd: compileSnippet
  api=4 type=0 insize=710 outsize=1128 kw= ok=1
Cmd: compileSnippet
  api=4 type=1 insize=710 outsize=1047 kw= ok=1
Cmd: preprocess
  insize=1925 outsize=1310 ok=1
Cmd: compileSnippet
  api=4 type=0 insize=892 outsize=1193 kw=V_WIRE_ANTIALIASING_OFF V_WIRE_FRESNEL_OFF V_WIRE_LIGHT_OFF V_WIRE_IBL_OFF ok=1
Cmd: compileSnippet
  api=4 type=1 insize=892 outsize=1055 kw=V_WIRE_ANTIALIASING_OFF V_WIRE_FRESNEL_OFF V_WIRE_LIGHT_OFF V_WIRE_IBL_OFF ok=1
Cmd: preprocess
  insize=2505 outsize=1414 ok=1
Cmd: compileSnippet
  api=4 type=0 insize=827 outsize=973 kw=V_WIRE_ANTIALIASING_OFF V_WIRE_FRESNEL_OFF V_WIRE_LIGHT_OFF V_WIRE_IBL_OFF ok=1
Cmd: compileSnippet
  api=4 type=1 insize=827 outsize=973 kw=V_WIRE_ANTIALIASING_OFF V_WIRE_FRESNEL_OFF V_WIRE_LIGHT_OFF V_WIRE_IBL_OFF ok=1
Cmd: compileSnippet
  api=4 type=0 insize=827 outsize=973 kw=V_WIRE_ANTIALIASING_OFF V_WIRE_FRESNEL_OFF V_WIRE_LIGHT_OFF V_WIRE_IBL_OFF ok=1
Cmd: compileSnippet
  api=4 type=1 insize=827 outsize=973 kw=V_WIRE_ANTIALIASING_OFF V_WIRE_FRESNEL_OFF V_WIRE_LIGHT_OFF V_WIRE_IBL_OFF ok=1
Cmd: preprocess
  insize=1632 outsize=1291 ok=1
Cmd: compileSnippet
  api=4 type=0 insize=624 outsize=973 kw=V_WIRE_ANTIALIASING_OFF ok=1
Cmd: compileSnippet
  api=4 type=1 insize=624 outsize=908 kw=V_WIRE_ANTIALIASING_OFF ok=1
Cmd: preprocess
  insize=3940 outsize=649 ok=1
Cmd: compileSnippet
  api=4 type=0 insize=3333 outsize=990 kw= ok=1
Cmd: compileSnippet
  api=4 type=1 insize=3333 outsize=1258 kw= ok=1
Cmd: compileSnippet
  api=4 type=0 insize=3341 outsize=2135 kw= ok=1
Cmd: compileSnippet
  api=4 type=1 insize=3341 outsize=1835 kw= ok=1
Cmd: compileSnippet
  api=4 type=0 insize=3350 outsize=2119 kw= ok=1
Cmd: compileSnippet
  api=4 type=1 insize=3350 outsize=2192 kw= ok=1
Cmd: compileSnippet
  api=4 type=0 insize=3345 outsize=2119 kw= ok=1
Cmd: compileSnippet
  api=4 type=1 insize=3345 outsize=2030 kw= ok=1
Cmd: preprocess
  insize=880 outsize=301 ok=1
Cmd: compileSnippet
  api=4 type=0 insize=884 outsize=990 kw= ok=1
Cmd: compileSnippet
  api=4 type=1 insize=884 outsize=1087 kw= ok=1
Cmd: preprocess
  insize=1725 outsize=1007 ok=1
Cmd: compileSnippet
  api=4 type=0 insize=1020 outsize=1274 kw= ok=1
Cmd: compileSnippet
  api=4 type=1 insize=1020 outsize=908 kw= ok=1
Cmd: preprocess
  insize=1346 outsize=297 ok=1
Cmd: preprocess
  insize=2157 outsize=982 ok=1
Cmd: compileSnippet
  api=4 type=0 insize=912 outsize=1071 kw= ok=1
Cmd: compileSnippet
  api=4 type=1 insize=912 outsize=738 kw= ok=1
Cmd: compileSnippet
  api=4 type=0 insize=867 outsize=1071 kw= ok=1
Cmd: compileSnippet
  api=4 type=1 insize=867 outsize=600 kw= ok=1
Cmd: preprocess
  insize=2319 outsize=2518 ok=1
Cmd: compileSnippet
  api=4 type=0 insize=770330 outsize=4158 kw=DIRECTIONAL SHADOWS_OFF LIGHTMAP_OFF DIRLIGHTMAP_OFF V_WIRE_ANTIALIASING_OFF V_WIRE_FRESNEL_OFF V_WIRE_LIGHT_OFF V_WIRE_IBL_OFF V_WIRE_TRANSPARENCY_OFF V_WIRE_FRESNEL_REFLECTION_OFF ok=1
Cmd: compileSnippet
  api=4 type=1 insize=770330 outsize=3224 kw=DIRECTIONAL SHADOWS_OFF LIGHTMAP_OFF DIRLIGHTMAP_OFF V_WIRE_ANTIALIASING_OFF V_WIRE_FRESNEL_OFF V_WIRE_LIGHT_OFF V_WIRE_IBL_OFF V_WIRE_TRANSPARENCY_OFF V_WIRE_FRESNEL_REFLECTION_OFF ok=1
Cmd: compileSnippet
  api=4 type=0 insize=417660 outsize=3200 kw=POINT V_WIRE_ANTIALIASING_OFF V_WIRE_FRESNEL_OFF V_WIRE_LIGHT_OFF V_WIRE_IBL_OFF V_WIRE_TRANSPARENCY_OFF V_WIRE_FRESNEL_REFLECTION_OFF ok=1
Cmd: compileSnippet
  api=4 type=1 insize=417660 outsize=3159 kw=POINT V_WIRE_ANTIALIASING_OFF V_WIRE_FRESNEL_OFF V_WIRE_LIGHT_OFF V_WIRE_IBL_OFF V_WIRE_TRANSPARENCY_OFF V_WIRE_FRESNEL_REFLECTION_OFF ok=1
Cmd: compileSnippet
  api=4 type=0 insize=332736 outsize=1623 kw=V_WIRE_ANTIALIASING_OFF V_WIRE_FRESNEL_OFF V_WIRE_LIGHT_OFF V_WIRE_IBL_OFF V_WIRE_TRANSPARENCY_OFF V_WIRE_FRESNEL_REFLECTION_OFF ok=1
Cmd: compileSnippet
  api=4 type=1 insize=332736 outsize=730 kw=V_WIRE_ANTIALIASING_OFF V_WIRE_FRESNEL_OFF V_WIRE_LIGHT_OFF V_WIRE_IBL_OFF V_WIRE_TRANSPARENCY_OFF V_WIRE_FRESNEL_REFLECTION_OFF ok=1
Cmd: compileSnippet
  api=4 type=0 insize=678562 outsize=3947 kw=LIGHTMAP_OFF DIRLIGHTMAP_OFF HDR_LIGHT_PREPASS_OFF V_WIRE_ANTIALIASING_OFF V_WIRE_FRESNEL_OFF V_WIRE_LIGHT_OFF V_WIRE_IBL_OFF V_WIRE_TRANSPARENCY_OFF V_WIRE_FRESNEL_REFLECTION_OFF ok=1
Cmd: compileSnippet
  api=4 type=1 insize=678562 outsize=2444 kw=LIGHTMAP_OFF DIRLIGHTMAP_OFF HDR_LIGHT_PREPASS_OFF V_WIRE_ANTIALIASING_OFF V_WIRE_FRESNEL_OFF V_WIRE_LIGHT_OFF V_WIRE_IBL_OFF V_WIRE_TRANSPARENCY_OFF V_WIRE_FRESNEL_REFLECTION_OFF ok=1
Cmd: preprocess
  insize=3679 outsize=2219 ok=1
Cmd: compileSnippet
  error: 2 plat 4 at ../cginc/Wire_Vertex.cginc(148): undeclared identifier 'unity_LightmapST'
  api=4 type=0 insize=1279 outsize=0 kw=DIRECTIONAL SHADOWS_OFF LIGHTMAP_OFF LIGHTMAP_ON DIRLIGHTMAP_OFF V_WIRE_ANTIALIASING_OFF V_WIRE_FRESNEL_OFF V_WIRE_LIGHT_OFF V_WIRE_IBL_OFF V_WIRE_GRADIENT_PREVIEW_OFF V_WIRE_GRADIENT_AXIS_X V_WIRE_GRADIENT_SPACE_LOCAL ok=0
Cmd: preprocess
  insize=5325 outsize=774 ok=1
Cmd: compileSnippet
  api=4 type=0 insize=4710 outsize=998 kw= ok=1
Cmd: compileSnippet
  api=4 type=1 insize=4710 outsize=1948 kw= ok=1
Cmd: compileSnippet
  api=4 type=0 insize=4716 outsize=998 kw= ok=1
Cmd: compileSnippet
  api=4 type=1 insize=4716 outsize=1680 kw= ok=1
Cmd: compileSnippet
  api=4 type=0 insize=4726 outsize=998 kw= ok=1
Cmd: compileSnippet
  api=4 type=1 insize=4726 outsize=6450 kw= ok=1
Cmd: preprocess
  insize=1087 outsize=489 ok=1
Cmd: compileSnippet
  api=4 type=0 insize=900 outsize=1266 kw= ok=1
Cmd: compileSnippet
  api=4 type=1 insize=900 outsize=1022 kw= ok=1
Cmd: preprocess
  insize=1220 outsize=387 ok=1
Cmd: compileSnippet
  api=4 type=0 insize=1136 outsize=1233 kw= ok=1
Cmd: compileSnippet
  api=4 type=1 insize=1136 outsize=1185 kw= ok=1
Cmd: preprocess
  insize=581 outsize=259 ok=1
Cmd: compileSnippet
  api=4 type=0 insize=624 outsize=827 kw= ok=1
Cmd: compileSnippet
  api=4 type=1 insize=624 outsize=437 kw= ok=1
Cmd: preprocess
  insize=1697 outsize=1317 ok=1
Cmd: compileSnippet
  api=4 type=0 insize=661 outsize=1193 kw=V_WIRE_ANTIALIASING_OFF ok=1
Cmd: compileSnippet
  api=4 type=1 insize=661 outsize=990 kw=V_WIRE_ANTIALIASING_OFF ok=1
Cmd: preprocess
  insize=731 outsize=314 ok=1
Cmd: compileSnippet
  api=4 type=0 insize=721 outsize=990 kw= ok=1
Cmd: compileSnippet
  api=4 type=1 insize=721 outsize=713 kw= ok=1
Cmd: preprocess
  insize=5293 outsize=886 ok=1
Cmd: compileSnippet
  api=4 type=0 insize=4442 outsize=1583 kw= ok=1
Cmd: compileSnippet
  api=4 type=1 insize=4442 outsize=1307 kw= ok=1
Cmd: compileSnippet
  api=4 type=0 insize=4447 outsize=1396 kw= ok=1
Cmd: compileSnippet
  api=4 type=1 insize=4447 outsize=1518 kw= ok=1
Cmd: compileSnippet
  api=4 type=0 insize=4448 outsize=1396 kw= ok=1
Cmd: compileSnippet
  api=4 type=1 insize=4448 outsize=1518 kw= ok=1
Cmd: compileSnippet
  api=4 type=0 insize=4452 outsize=1753 kw= ok=1
Cmd: compileSnippet
  api=4 type=1 insize=4452 outsize=1786 kw= ok=1
Cmd: compileSnippet
  api=4 type=0 insize=4453 outsize=1753 kw= ok=1
Cmd: compileSnippet
  api=4 type=1 insize=4453 outsize=1786 kw= ok=1
Cmd: preprocess
  insize=1734 outsize=683 ok=1
Cmd: compileSnippet
  api=4 type=0 insize=1353 outsize=1664 kw= ok=1
Cmd: compileSnippet
  api=4 type=1 insize=1353 outsize=1242 kw= ok=1
Cmd: preprocess
  error: 2 plat 12 at (117): Can't find include file ../cginc/Wire.cginc
  insize=1719 outsize=1174 ok=0
Cmd: compileSnippet
  api=4 type=0 insize=1021688 outsize=2867 kw=DIRECTIONAL SHADOWS_OFF LIGHTMAP_OFF DIRLIGHTMAP_OFF V_WIRE_FRESNEL_OFF V_WIRE_LIGHT_OFF V_WIRE_IBL_OFF V_WIRE_ANTIALIASING_ON V_WIRE_GRADIENT_PREVIEW_OFF V_WIRE_GRADIENT_SPACE_LOCAL V_WIRE_GRADIENT_AXIS_Y ok=1
Cmd: compileSnippet
  api=4 type=1 insize=1021688 outsize=3232 kw=DIRECTIONAL SHADOWS_OFF LIGHTMAP_OFF DIRLIGHTMAP_OFF V_WIRE_FRESNEL_OFF V_WIRE_LIGHT_OFF V_WIRE_IBL_OFF V_WIRE_ANTIALIASING_ON V_WIRE_GRADIENT_PREVIEW_OFF V_WIRE_GRADIENT_SPACE_LOCAL V_WIRE_GRADIENT_AXIS_Y ok=1
Cmd: compileSnippet
  api=4 type=0 insize=617674 outsize=2111 kw=DIRECTIONAL V_WIRE_FRESNEL_OFF V_WIRE_LIGHT_OFF V_WIRE_IBL_OFF V_WIRE_ANTIALIASING_ON V_WIRE_GRADIENT_PREVIEW_OFF V_WIRE_GRADIENT_SPACE_LOCAL V_WIRE_GRADIENT_AXIS_Y ok=1
Cmd: compileSnippet
  api=4 type=1 insize=617674 outsize=3192 kw=DIRECTIONAL V_WIRE_FRESNEL_OFF V_WIRE_LIGHT_OFF V_WIRE_IBL_OFF V_WIRE_ANTIALIASING_ON V_WIRE_GRADIENT_PREVIEW_OFF V_WIRE_GRADIENT_SPACE_LOCAL V_WIRE_GRADIENT_AXIS_Y ok=1
Cmd: compileSnippet
  api=4 type=0 insize=827 outsize=973 kw=V_WIRE_FRESNEL_OFF V_WIRE_LIGHT_OFF V_WIRE_IBL_OFF V_WIRE_ANTIALIASING_ON ok=1
Cmd: compileSnippet
  api=4 type=1 insize=827 outsize=1526 kw=V_WIRE_FRESNEL_OFF V_WIRE_LIGHT_OFF V_WIRE_IBL_OFF V_WIRE_ANTIALIASING_ON ok=1
Cmd: compileSnippet
  api=4 type=0 insize=827 outsize=973 kw=V_WIRE_FRESNEL_OFF V_WIRE_LIGHT_OFF V_WIRE_IBL_OFF V_WIRE_ANTIALIASING_ON ok=1
Cmd: compileSnippet
  api=4 type=1 insize=827 outsize=1526 kw=V_WIRE_FRESNEL_OFF V_WIRE_LIGHT_OFF V_WIRE_IBL_OFF V_WIRE_ANTIALIASING_ON ok=1
